# JRE version: Java(TM) SE Runtime Environment (8.0_271-b09) (build 1.8.0_271-b09)
# Java VM: Java HotSpot(TM) 64-Bit Server VM (25.271-b09 mixed mode windows-amd64 )
Heap:
 PSYoungGen      total 3244032K, used 2786422K [0x000001cf0e500000, 0x000001d0bdb80000, 0x000001d463a00000)
  eden space 266240K, 13% used [0x000001cf0e500000,0x000001cf10955840,0x000001cf1e900000)
  from space 2977792K, 92% used [0x000001cf1e900000,0x000001cfc65c8000,0x000001cfd4500000)
  to   space 3379200K, 28% used [0x000001cfef780000,0x000001d02a410000,0x000001d0bdb80000)
 ParOldGen       total 16220160K, used 15197186K [0x000001c463a00000, 0x000001c841a00000, 0x000001cf0e500000)
  object space 16220160K, 93% used [0x000001c463a00000,0x000001c803300860,0x000001c841a00000)
 Metaspace       used 16455K, capacity 16835K, committed 17152K, reserved 18432K
GC Heap History (10 events):
Event: 383.752 GC heap after
Heap after GC invocations=48 (full 17):
 PSYoungGen      total 1372672K, used 679392K [0x000001cf0e500000, 0x000001d03d880000, 0x000001d463a00000)
  eden space 693248K, 0% used [0x000001cf0e500000,0x000001cf0e500000,0x000001cf38a00000)
  from space 679424K, 99% used [0x000001cf38a00000,0x000001cf62178000,0x000001cf62180000)
  to   space 2106368K, 0% used [0x000001cfbcf80000,0x000001cfbcf80000,0x000001d03d880000)
 ParOldGen       total 12523008K, used 11243337K [0x000001c463a00000, 0x000001c75ff80000, 0x000001cf0e500000)
  object space 12523008K, 89% used [0x000001c463a00000,0x000001c711dd2510,0x000001c75ff80000)
 Metaspace       used 16455K, capacity 16835K, committed 17152K, reserved 18432K
}
Event: 387.206 GC heap before
{Heap before GC invocations=49 (full 17):
 PSYoungGen      total 1372672K, used 1372640K [0x000001cf0e500000, 0x000001d03d880000, 0x000001d463a00000)
  eden space 693248K, 100% used [0x000001cf0e500000,0x000001cf38a00000,0x000001cf38a00000)
  from space 679424K, 99% used [0x000001cf38a00000,0x000001cf62178000,0x000001cf62180000)
  to   space 2106368K, 0% used [0x000001cfbcf80000,0x000001cfbcf80000,0x000001d03d880000)
 ParOldGen       total 12523008K, used 11243337K [0x000001c463a00000, 0x000001c75ff80000, 0x000001cf0e500000)
  object space 12523008K, 89% used [0x000001c463a00000,0x000001c711dd2510,0x000001c75ff80000)
 Metaspace       used 16455K, capacity 16835K, committed 17152K, reserved 18432K
Event: 393.465 GC heap after
Heap after GC invocations=49 (full 17):
 PSYoungGen      total 2788864K, used 1373312K [0x000001cf0e500000, 0x000001d047480000, 0x000001d463a00000)
  eden space 682496K, 0% used [0x000001cf0e500000,0x000001cf0e500000,0x000001cf37f80000)
  from space 2106368K, 65% used [0x000001cfbcf80000,0x000001d010ca0000,0x000001d03d880000)
  to   space 2179072K, 0% used [0x000001cf37f80000,0x000001cf37f80000,0x000001cfbcf80000)
 ParOldGen       total 12523008K, used 11243337K [0x000001c463a00000, 0x000001c75ff80000, 0x000001cf0e500000)
  object space 12523008K, 89% used [0x000001c463a00000,0x000001c711dd2510,0x000001c75ff80000)
 Metaspace       used 16455K, capacity 16835K, committed 17152K, reserved 18432K
}
Event: 397.294 GC heap before
{Heap before GC invocations=50 (full 17):
 PSYoungGen      total 2788864K, used 2055808K [0x000001cf0e500000, 0x000001d047480000, 0x000001d463a00000)
  eden space 682496K, 100% used [0x000001cf0e500000,0x000001cf37f80000,0x000001cf37f80000)
  from space 2106368K, 65% used [0x000001cfbcf80000,0x000001d010ca0000,0x000001d03d880000)
  to   space 2179072K, 0% used [0x000001cf37f80000,0x000001cf37f80000,0x000001cfbcf80000)
 ParOldGen       total 12523008K, used 11243337K [0x000001c463a00000, 0x000001c75ff80000, 0x000001cf0e500000)
  object space 12523008K, 89% used [0x000001c463a00000,0x000001c711dd2510,0x000001c75ff80000)
 Metaspace       used 16455K, capacity 16835K, committed 17152K, reserved 18432K
Event: 409.882 GC heap after
Heap after GC invocations=50 (full 17):
 PSYoungGen      total 2861568K, used 2056480K [0x000001cf0e500000, 0x000001d06bd80000, 0x000001d463a00000)
  eden space 682496K, 0% used [0x000001cf0e500000,0x000001cf0e500000,0x000001cf37f80000)
  from space 2179072K, 94% used [0x000001cf37f80000,0x000001cfb57c8000,0x000001cfbcf80000)
  to   space 2482688K, 0% used [0x000001cfd4500000,0x000001cfd4500000,0x000001d06bd80000)
 ParOldGen       total 12523008K, used 11243337K [0x000001c463a00000, 0x000001c75ff80000, 0x000001cf0e500000)
  object space 12523008K, 89% used [0x000001c463a00000,0x000001c711dd2510,0x000001c75ff80000)
 Metaspace       used 16455K, capacity 16835K, committed 17152K, reserved 18432K
}
Event: 413.908 GC heap before
{Heap before GC invocations=51 (full 17):
 PSYoungGen      total 2861568K, used 2738976K [0x000001cf0e500000, 0x000001d06bd80000, 0x000001d463a00000)
  eden space 682496K, 100% used [0x000001cf0e500000,0x000001cf37f80000,0x000001cf37f80000)
  from space 2179072K, 94% used [0x000001cf37f80000,0x000001cfb57c8000,0x000001cfbcf80000)
  to   space 2482688K, 0% used [0x000001cfd4500000,0x000001cfd4500000,0x000001d06bd80000)
 ParOldGen       total 12523008K, used 11243337K [0x000001c463a00000, 0x000001c75ff80000, 0x000001cf0e500000)
  object space 12523008K, 89% used [0x000001c463a00000,0x000001c711dd2510,0x000001c75ff80000)
 Metaspace       used 16455K, capacity 16835K, committed 17152K, reserved 18432K
Event: 436.851 GC heap after
Heap after GC invocations=51 (full 17):
 PSYoungGen      total 2748928K, used 2482688K [0x000001cf0e500000, 0x000001d0a9480000, 0x000001d463a00000)
  eden space 266240K, 0% used [0x000001cf0e500000,0x000001cf0e500000,0x000001cf1e900000)
  from space 2482688K, 100% used [0x000001cfd4500000,0x000001d06bd80000,0x000001d06bd80000)
  to   space 2977792K, 0% used [0x000001cf1e900000,0x000001cf1e900000,0x000001cfd4500000)
 ParOldGen       total 12523008K, used 11500977K [0x000001c463a00000, 0x000001c75ff80000, 0x000001cf0e500000)
  object space 12523008K, 91% used [0x000001c463a00000,0x000001c72196c510,0x000001c75ff80000)
 Metaspace       used 16455K, capacity 16835K, committed 17152K, reserved 18432K
}
Event: 438.812 GC heap before
{Heap before GC invocations=52 (full 17):
 PSYoungGen      total 2748928K, used 2748928K [0x000001cf0e500000, 0x000001d0a9480000, 0x000001d463a00000)
  eden space 266240K, 100% used [0x000001cf0e500000,0x000001cf1e900000,0x000001cf1e900000)
  from space 2482688K, 100% used [0x000001cfd4500000,0x000001d06bd80000,0x000001d06bd80000)
  to   space 2977792K, 0% used [0x000001cf1e900000,0x000001cf1e900000,0x000001cfd4500000)
 ParOldGen       total 12523008K, used 11500977K [0x000001c463a00000, 0x000001c75ff80000, 0x000001cf0e500000)
  object space 12523008K, 91% used [0x000001c463a00000,0x000001c72196c510,0x000001c75ff80000)
 Metaspace       used 16455K, capacity 16835K, committed 17152K, reserved 18432K
Event: 470.892 GC heap after
Heap after GC invocations=52 (full 17):
 PSYoungGen      total 3244032K, used 2749216K [0x000001cf0e500000, 0x000001d0bdb80000, 0x000001d463a00000)
  eden space 266240K, 0% used [0x000001cf0e500000,0x000001cf0e500000,0x000001cf1e900000)
  from space 2977792K, 92% used [0x000001cf1e900000,0x000001cfc65c8000,0x000001cfd4500000)
  to   space 3379200K, 0% used [0x000001cfef780000,0x000001cfef780000,0x000001d0bdb80000)
 ParOldGen       total 12523008K, used 11500977K [0x000001c463a00000, 0x000001c75ff80000, 0x000001cf0e500000)
  object space 12523008K, 91% used [0x000001c463a00000,0x000001c72196c510,0x000001c75ff80000)
 Metaspace       used 16455K, capacity 16835K, committed 17152K, reserved 18432K
}
Event: 490.838 GC heap before
{Heap before GC invocations=53 (full 17):
 PSYoungGen      total 3244032K, used 2786422K [0x000001cf0e500000, 0x000001d0bdb80000, 0x000001d463a00000)
  eden space 266240K, 13% used [0x000001cf0e500000,0x000001cf10955840,0x000001cf1e900000)
  from space 2977792K, 92% used [0x000001cf1e900000,0x000001cfc65c8000,0x000001cfd4500000)
  to   space 3379200K, 0% used [0x000001cfef780000,0x000001cfef780000,0x000001d0bdb80000)
 ParOldGen       total 16220160K, used 15197186K [0x000001c463a00000, 0x000001c841a00000, 0x000001cf0e500000)
  object space 16220160K, 93% used [0x000001c463a00000,0x000001c803300860,0x000001c841a00000)
 Metaspace       used 16455K, capacity 16835K, committed 17152K, reserved 18432K

