# JRE version: Java(TM) SE Runtime Environment (8.0_271-b09) (build 1.8.0_271-b09)
# Java VM: Java HotSpot(TM) 64-Bit Server VM (25.271-b09 mixed mode windows-amd64 )
Heap:
 PSYoungGen      total 1745408K, used 224949K [0x0000017fef900000, 0x00000180a7f00000, 0x0000018544e00000)
  eden space 507392K, 44% used [0x0000017fef900000,0x0000017ffd4ad438,0x000001800e880000)
  from space 1238016K, 0% used [0x000001800e880000,0x000001800e880000,0x000001805a180000)
  to   space 1223168K, 0% used [0x000001805d480000,0x000001805d480000,0x00000180a7f00000)
 ParOldGen       total 7881728K, used 6200435K [0x0000017544e00000, 0x0000017725f00000, 0x0000017fef900000)
  object space 7881728K, 78% used [0x0000017544e00000,0x00000176bf51ced0,0x0000017725f00000)
 Metaspace       used 17665K, capacity 18051K, committed 18176K, reserved 18432K
GC Heap History (10 events):
Event: 241.434 GC heap before
{Heap before GC invocations=202 (full 16):
 PSYoungGen      total 1510400K, used 1237183K [0x0000017fef900000, 0x0000018097380000, 0x0000018544e00000)
  eden space 483840K, 100% used [0x0000017fef900000,0x000001800d180000,0x000001800d180000)
  from space 1026560K, 73% used [0x000001800d180000,0x000001803b12fe18,0x000001804bc00000)
  to   space 1103872K, 0% used [0x0000018053d80000,0x0000018053d80000,0x0000018097380000)
 ParOldGen       total 7881728K, used 6652422K [0x0000017544e00000, 0x0000017725f00000, 0x0000017fef900000)
  object space 7881728K, 84% used [0x0000017544e00000,0x00000176dae81950,0x0000017725f00000)
 Metaspace       used 17652K, capacity 18051K, committed 18176K, reserved 18432K
Event: 241.609 GC heap after
Heap after GC invocations=202 (full 16):
 PSYoungGen      total 1583616K, used 753375K [0x0000017fef900000, 0x000001809ea00000, 0x0000018544e00000)
  eden space 479744K, 0% used [0x0000017fef900000,0x0000017fef900000,0x000001800cd80000)
  from space 1103872K, 68% used [0x0000018053d80000,0x0000018081d37e18,0x0000018097380000)
  to   space 1163264K, 0% used [0x000001800cd80000,0x000001800cd80000,0x0000018053d80000)
 ParOldGen       total 7881728K, used 6652422K [0x0000017544e00000, 0x0000017725f00000, 0x0000017fef900000)
  object space 7881728K, 84% used [0x0000017544e00000,0x00000176dae81950,0x0000017725f00000)
 Metaspace       used 17652K, capacity 18051K, committed 18176K, reserved 18432K
}
Event: 241.823 GC heap before
{Heap before GC invocations=203 (full 16):
 PSYoungGen      total 1583616K, used 1233119K [0x0000017fef900000, 0x000001809ea00000, 0x0000018544e00000)
  eden space 479744K, 100% used [0x0000017fef900000,0x000001800cd80000,0x000001800cd80000)
  from space 1103872K, 68% used [0x0000018053d80000,0x0000018081d37e18,0x0000018097380000)
  to   space 1163264K, 0% used [0x000001800cd80000,0x000001800cd80000,0x0000018053d80000)
 ParOldGen       total 7881728K, used 6652422K [0x0000017544e00000, 0x0000017725f00000, 0x0000017fef900000)
  object space 7881728K, 84% used [0x0000017544e00000,0x00000176dae81950,0x0000017725f00000)
 Metaspace       used 17652K, capacity 18051K, committed 18176K, reserved 18432K
Event: 241.965 GC heap after
Heap after GC invocations=203 (full 16):
 PSYoungGen      total 1643008K, used 753375K [0x0000017fef900000, 0x00000180a3c00000, 0x0000018544e00000)
  eden space 479744K, 0% used [0x0000017fef900000,0x0000017fef900000,0x000001800cd80000)
  from space 1163264K, 64% used [0x000001800cd80000,0x000001803ad37e18,0x0000018053d80000)
  to   space 1206784K, 0% used [0x000001805a180000,0x000001805a180000,0x00000180a3c00000)
 ParOldGen       total 7881728K, used 6652422K [0x0000017544e00000, 0x0000017725f00000, 0x0000017fef900000)
  object space 7881728K, 84% used [0x0000017544e00000,0x00000176dae81950,0x0000017725f00000)
 Metaspace       used 17652K, capacity 18051K, committed 18176K, reserved 18432K
}
Event: 242.187 GC heap before
{Heap before GC invocations=204 (full 16):
 PSYoungGen      total 1643008K, used 1233119K [0x0000017fef900000, 0x00000180a3c00000, 0x0000018544e00000)
  eden space 479744K, 100% used [0x0000017fef900000,0x000001800cd80000,0x000001800cd80000)
  from space 1163264K, 64% used [0x000001800cd80000,0x000001803ad37e18,0x0000018053d80000)
  to   space 1206784K, 0% used [0x000001805a180000,0x000001805a180000,0x00000180a3c00000)
 ParOldGen       total 7881728K, used 6652422K [0x0000017544e00000, 0x0000017725f00000, 0x0000017fef900000)
  object space 7881728K, 84% used [0x0000017544e00000,0x00000176dae81950,0x0000017725f00000)
 Metaspace       used 17652K, capacity 18051K, committed 18176K, reserved 18432K
Event: 242.457 GC heap after
Heap after GC invocations=204 (full 16):
 PSYoungGen      total 1714176K, used 753343K [0x0000017fef900000, 0x00000180a7a00000, 0x0000018544e00000)
  eden space 507392K, 0% used [0x0000017fef900000,0x0000017fef900000,0x000001800e880000)
  from space 1206784K, 62% used [0x000001805a180000,0x000001808812fe18,0x00000180a3c00000)
  to   space 1238016K, 0% used [0x000001800e880000,0x000001800e880000,0x000001805a180000)
 ParOldGen       total 7881728K, used 6652422K [0x0000017544e00000, 0x0000017725f00000, 0x0000017fef900000)
  object space 7881728K, 84% used [0x0000017544e00000,0x00000176dae81950,0x0000017725f00000)
 Metaspace       used 17652K, capacity 18051K, committed 18176K, reserved 18432K
}
Event: 242.699 GC heap before
{Heap before GC invocations=205 (full 16):
 PSYoungGen      total 1714176K, used 1260735K [0x0000017fef900000, 0x00000180a7a00000, 0x0000018544e00000)
  eden space 507392K, 100% used [0x0000017fef900000,0x000001800e880000,0x000001800e880000)
  from space 1206784K, 62% used [0x000001805a180000,0x000001808812fe18,0x00000180a3c00000)
  to   space 1238016K, 0% used [0x000001800e880000,0x000001800e880000,0x000001805a180000)
 ParOldGen       total 7881728K, used 6652422K [0x0000017544e00000, 0x0000017725f00000, 0x0000017fef900000)
  object space 7881728K, 84% used [0x0000017544e00000,0x00000176dae81950,0x0000017725f00000)
 Metaspace       used 17652K, capacity 18051K, committed 18176K, reserved 18432K
Event: 243.275 GC heap after
Heap after GC invocations=205 (full 16):
 PSYoungGen      total 1745408K, used 150726K [0x0000017fef900000, 0x00000180a7f00000, 0x0000018544e00000)
  eden space 507392K, 0% used [0x0000017fef900000,0x0000017fef900000,0x000001800e880000)
  from space 1238016K, 12% used [0x000001800e880000,0x0000018017bb1938,0x000001805a180000)
  to   space 1223168K, 0% used [0x000001805d480000,0x000001805d480000,0x00000180a7f00000)
 ParOldGen       total 7881728K, used 7255079K [0x0000017544e00000, 0x0000017725f00000, 0x0000017fef900000)
  object space 7881728K, 92% used [0x0000017544e00000,0x00000176ffb09e30,0x0000017725f00000)
 Metaspace       used 17652K, capacity 18051K, committed 18176K, reserved 18432K
}
Event: 243.344 GC heap before
{Heap before GC invocations=206 (full 17):
 PSYoungGen      total 1745408K, used 150726K [0x0000017fef900000, 0x00000180a7f00000, 0x0000018544e00000)
  eden space 507392K, 0% used [0x0000017fef900000,0x0000017fef900000,0x000001800e880000)
  from space 1238016K, 12% used [0x000001800e880000,0x0000018017bb1938,0x000001805a180000)
  to   space 1223168K, 0% used [0x000001805d480000,0x000001805d480000,0x00000180a7f00000)
 ParOldGen       total 7881728K, used 7255079K [0x0000017544e00000, 0x0000017725f00000, 0x0000017fef900000)
  object space 7881728K, 92% used [0x0000017544e00000,0x00000176ffb09e30,0x0000017725f00000)
 Metaspace       used 17652K, capacity 18051K, committed 18176K, reserved 18432K
Event: 249.964 GC heap after
Heap after GC invocations=206 (full 17):
 PSYoungGen      total 1745408K, used 0K [0x0000017fef900000, 0x00000180a7f00000, 0x0000018544e00000)
  eden space 507392K, 0% used [0x0000017fef900000,0x0000017fef900000,0x000001800e880000)
  from space 1238016K, 0% used [0x000001800e880000,0x000001800e880000,0x000001805a180000)
  to   space 1223168K, 0% used [0x000001805d480000,0x000001805d480000,0x00000180a7f00000)
 ParOldGen       total 7881728K, used 6200435K [0x0000017544e00000, 0x0000017725f00000, 0x0000017fef900000)
  object space 7881728K, 78% used [0x0000017544e00000,0x00000176bf51ced0,0x0000017725f00000)
 Metaspace       used 17652K, capacity 18051K, committed 18176K, reserved 18432K
}

