# JRE version: OpenJDK Runtime Environment (16.0.1+9) (build 16.0.1+9-Ubuntu-120.04)
# Java VM: OpenJDK 64-Bit Server VM (16.0.1+9-Ubuntu-120.04, mixed mode, sharing, tiered, compressed class ptrs, g1 gc, linux-amd64)
GC Precious Log:
 CPUs: 4 total, 4 available
 Memory: 3837M
 Large Page Support: Disabled
 NUMA Support: Disabled
 Compressed Oops: Disabled
 Heap Region Size: 32M
 Heap Min Capacity: 32M
 Heap Initial Capacity: 64M
 Heap Max Capacity: 64G
 Pre-touch: Disabled
 Parallel Workers: 4
 Concurrent Workers: 1
 Concurrent Refinement Workers: 4
 Periodic GC: Disabled
Heap:
 garbage-first heap   total 2064384K, used 941943K [0x00007f91cc000000, 0x00007fa1cc000000)
  region size 32768K, 1 young (32768K), 1 survivors (32768K)
 Metaspace       used 17296K, committed 17472K, reserved 1064960K
  class space    used 1748K, committed 1856K, reserved 1048576K
GC Heap History (20 events):
Event: 49.189 GC heap after
{Heap after GC invocations=19 (full 0):
 garbage-first heap   total 1703936K, used 941888K [0x00007f91cc000000, 0x00007fa1cc000000)
  region size 32768K, 1 young (32768K), 1 survivors (32768K)
 Metaspace       used 17296K, committed 17472K, reserved 1064960K
  class space    used 1748K, committed 1856K, reserved 1048576K
}
Event: 49.981 GC heap before
{Heap before GC invocations=19 (full 0):
 garbage-first heap   total 1703936K, used 1433408K [0x00007f91cc000000, 0x00007fa1cc000000)
  region size 32768K, 16 young (524288K), 1 survivors (32768K)
 Metaspace       used 17296K, committed 17472K, reserved 1064960K
  class space    used 1748K, committed 1856K, reserved 1048576K
}
Event: 49.986 GC heap after
{Heap after GC invocations=20 (full 0):
 garbage-first heap   total 2064384K, used 941852K [0x00007f91cc000000, 0x00007fa1cc000000)
  region size 32768K, 1 young (32768K), 1 survivors (32768K)
 Metaspace       used 17296K, committed 17472K, reserved 1064960K
  class space    used 1748K, committed 1856K, reserved 1048576K
}
Event: 147.592 GC heap before
{Heap before GC invocations=21 (full 0):
 garbage-first heap   total 2064384K, used 1761052K [0x00007f91cc000000, 0x00007fa1cc000000)
  region size 32768K, 26 young (851968K), 1 survivors (32768K)
 Metaspace       used 17296K, committed 17472K, reserved 1064960K
  class space    used 1748K, committed 1856K, reserved 1048576K
}
Event: 156.760 GC heap after
{Heap after GC invocations=22 (full 0):
 garbage-first heap   total 2064384K, used 941904K [0x00007f91cc000000, 0x00007fa1cc000000)
  region size 32768K, 1 young (32768K), 1 survivors (32768K)
 Metaspace       used 17296K, committed 17472K, reserved 1064960K
  class space    used 1748K, committed 1856K, reserved 1048576K
}
Event: 156.882 GC heap before
{Heap before GC invocations=22 (full 0):
 garbage-first heap   total 2064384K, used 1007440K [0x00007f91cc000000, 0x00007fa1cc000000)
  region size 32768K, 3 young (98304K), 1 survivors (32768K)
 Metaspace       used 17296K, committed 17472K, reserved 1064960K
  class space    used 1748K, committed 1856K, reserved 1048576K
}
Event: 156.886 GC heap after
{Heap after GC invocations=23 (full 0):
 garbage-first heap   total 2064384K, used 941880K [0x00007f91cc000000, 0x00007fa1cc000000)
  region size 32768K, 1 young (32768K), 1 survivors (32768K)
 Metaspace       used 17296K, committed 17472K, reserved 1064960K
  class space    used 1748K, committed 1856K, reserved 1048576K
}
Event: 157.244 GC heap before
{Heap before GC invocations=23 (full 0):
 garbage-first heap   total 2064384K, used 1007416K [0x00007f91cc000000, 0x00007fa1cc000000)
  region size 32768K, 3 young (98304K), 1 survivors (32768K)
 Metaspace       used 17296K, committed 17472K, reserved 1064960K
  class space    used 1748K, committed 1856K, reserved 1048576K
}
Event: 157.248 GC heap after
{Heap after GC invocations=24 (full 0):
 garbage-first heap   total 2064384K, used 941883K [0x00007f91cc000000, 0x00007fa1cc000000)
  region size 32768K, 1 young (32768K), 1 survivors (32768K)
 Metaspace       used 17296K, committed 17472K, reserved 1064960K
  class space    used 1748K, committed 1856K, reserved 1048576K
}
Event: 160.885 GC heap before
{Heap before GC invocations=25 (full 0):
 garbage-first heap   total 2064384K, used 1007419K [0x00007f91cc000000, 0x00007fa1cc000000)
  region size 32768K, 3 young (98304K), 1 survivors (32768K)
 Metaspace       used 17296K, committed 17472K, reserved 1064960K
  class space    used 1748K, committed 1856K, reserved 1048576K
}
Event: 160.888 GC heap after
{Heap after GC invocations=26 (full 0):
 garbage-first heap   total 2064384K, used 941884K [0x00007f91cc000000, 0x00007fa1cc000000)
  region size 32768K, 1 young (32768K), 1 survivors (32768K)
 Metaspace       used 17296K, committed 17472K, reserved 1064960K
  class space    used 1748K, committed 1856K, reserved 1048576K
}
Event: 163.336 GC heap before
{Heap before GC invocations=26 (full 0):
 garbage-first heap   total 2064384K, used 1007420K [0x00007f91cc000000, 0x00007fa1cc000000)
  region size 32768K, 3 young (98304K), 1 survivors (32768K)
 Metaspace       used 17296K, committed 17472K, reserved 1064960K
  class space    used 1748K, committed 1856K, reserved 1048576K
}
Event: 163.339 GC heap after
{Heap after GC invocations=27 (full 0):
 garbage-first heap   total 2064384K, used 941879K [0x00007f91cc000000, 0x00007fa1cc000000)
  region size 32768K, 1 young (32768K), 1 survivors (32768K)
 Metaspace       used 17296K, committed 17472K, reserved 1064960K
  class space    used 1748K, committed 1856K, reserved 1048576K
}
Event: 163.430 GC heap before
{Heap before GC invocations=27 (full 0):
 garbage-first heap   total 2064384K, used 1007415K [0x00007f91cc000000, 0x00007fa1cc000000)
  region size 32768K, 3 young (98304K), 1 survivors (32768K)
 Metaspace       used 17296K, committed 17472K, reserved 1064960K
  class space    used 1748K, committed 1856K, reserved 1048576K
}
Event: 163.434 GC heap after
{Heap after GC invocations=28 (full 0):
 garbage-first heap   total 2064384K, used 941892K [0x00007f91cc000000, 0x00007fa1cc000000)
  region size 32768K, 1 young (32768K), 1 survivors (32768K)
 Metaspace       used 17296K, committed 17472K, reserved 1064960K
  class space    used 1748K, committed 1856K, reserved 1048576K
}
Event: 163.522 GC heap before
{Heap before GC invocations=28 (full 0):
 garbage-first heap   total 2064384K, used 1007428K [0x00007f91cc000000, 0x00007fa1cc000000)
  region size 32768K, 3 young (98304K), 1 survivors (32768K)
 Metaspace       used 17296K, committed 17472K, reserved 1064960K
  class space    used 1748K, committed 1856K, reserved 1048576K
}
Event: 163.526 GC heap after
{Heap after GC invocations=29 (full 0):
 garbage-first heap   total 2064384K, used 941854K [0x00007f91cc000000, 0x00007fa1cc000000)
  region size 32768K, 1 young (32768K), 1 survivors (32768K)
 Metaspace       used 17296K, committed 17472K, reserved 1064960K
  class space    used 1748K, committed 1856K, reserved 1048576K
}
Event: 163.623 GC heap before
{Heap before GC invocations=30 (full 0):
 garbage-first heap   total 2064384K, used 1007390K [0x00007f91cc000000, 0x00007fa1cc000000)
  region size 32768K, 3 young (98304K), 1 survivors (32768K)
 Metaspace       used 17296K, committed 17472K, reserved 1064960K
  class space    used 1748K, committed 1856K, reserved 1048576K
}
Event: 163.627 GC heap after
{Heap after GC invocations=31 (full 0):
 garbage-first heap   total 2064384K, used 941844K [0x00007f91cc000000, 0x00007fa1cc000000)
  region size 32768K, 1 young (32768K), 1 survivors (32768K)
 Metaspace       used 17296K, committed 17472K, reserved 1064960K
  class space    used 1748K, committed 1856K, reserved 1048576K
}
Event: 163.715 GC heap before
{Heap before GC invocations=31 (full 0):
 garbage-first heap   total 2064384K, used 1007380K [0x00007f91cc000000, 0x00007fa1cc000000)
  region size 32768K, 3 young (98304K), 1 survivors (32768K)
 Metaspace       used 17296K, committed 17472K, reserved 1064960K
  class space    used 1748K, committed 1856K, reserved 1048576K
}

