# JRE version: OpenJDK Runtime Environment (16.0.1+9) (build 16.0.1+9-24)
# Java VM: OpenJDK 64-Bit Server VM (16.0.1+9-24, mixed mode, tiered, compressed class ptrs, g1 gc, windows-amd64)
GC Precious Log:
 CPUs: 12 total, 12 available
 Memory: 8099M
 Large Page Support: Disabled
 NUMA Support: Disabled
 Compressed Oops: Disabled
 Heap Region Size: 32M
 Heap Min Capacity: 32M
 Heap Initial Capacity: 128M
 Heap Max Capacity: 128G
 Pre-touch: Disabled
 Parallel Workers: 10
 Concurrent Workers: 3
 Concurrent Refinement Workers: 10
 Periodic GC: Disabled
Heap:
 garbage-first heap   total 2588672K, used 1288678K [0x000001eec6000000, 0x0000020ec6000000)
  region size 32768K, 1 young (32768K), 1 survivors (32768K)
 Metaspace       used 15171K, committed 15360K, reserved 1064960K
  class space    used 1383K, committed 1472K, reserved 1048576K
GC Heap History (19 events):
Event: 0.419 GC heap before
{Heap before GC invocations=0 (full 0):
 garbage-first heap   total 131072K, used 0K [0x000001eec6000000, 0x0000020ec6000000)
  region size 32768K, 1 young (32768K), 0 survivors (0K)
 Metaspace       used 11395K, committed 11584K, reserved 1064960K
  class space    used 970K, committed 1024K, reserved 1048576K
}
Event: 0.426 GC heap after
{Heap after GC invocations=1 (full 0):
 garbage-first heap   total 131072K, used 18213K [0x000001eec6000000, 0x0000020ec6000000)
  region size 32768K, 1 young (32768K), 1 survivors (32768K)
 Metaspace       used 11395K, committed 11584K, reserved 1064960K
  class space    used 970K, committed 1024K, reserved 1048576K
}
Event: 28.491 GC heap before
{Heap before GC invocations=1 (full 0):
 garbage-first heap   total 131072K, used 18213K [0x000001eec6000000, 0x0000020ec6000000)
  region size 32768K, 2 young (65536K), 1 survivors (32768K)
 Metaspace       used 15150K, committed 15360K, reserved 1064960K
  class space    used 1383K, committed 1472K, reserved 1048576K
}
Event: 28.496 GC heap after
{Heap after GC invocations=2 (full 0):
 garbage-first heap   total 131072K, used 10872K [0x000001eec6000000, 0x0000020ec6000000)
  region size 32768K, 1 young (32768K), 1 survivors (32768K)
 Metaspace       used 15150K, committed 15360K, reserved 1064960K
  class space    used 1383K, committed 1472K, reserved 1048576K
}
Event: 28.516 GC heap before
{Heap before GC invocations=2 (full 0):
 garbage-first heap   total 163840K, used 109176K [0x000001eec6000000, 0x0000020ec6000000)
  region size 32768K, 1 young (32768K), 1 survivors (32768K)
 Metaspace       used 15151K, committed 15360K, reserved 1064960K
  class space    used 1383K, committed 1472K, reserved 1048576K
}
Event: 28.521 GC heap after
{Heap after GC invocations=3 (full 0):
 garbage-first heap   total 196608K, used 109071K [0x000001eec6000000, 0x0000020ec6000000)
  region size 32768K, 1 young (32768K), 1 survivors (32768K)
 Metaspace       used 15151K, committed 15360K, reserved 1064960K
  class space    used 1383K, committed 1472K, reserved 1048576K
}
Event: 28.539 GC heap before
{Heap before GC invocations=3 (full 0):
 garbage-first heap   total 196608K, used 109071K [0x000001eec6000000, 0x0000020ec6000000)
  region size 32768K, 2 young (65536K), 1 survivors (32768K)
 Metaspace       used 15154K, committed 15360K, reserved 1064960K
  class space    used 1383K, committed 1472K, reserved 1048576K
}
Event: 28.543 GC heap after
{Heap after GC invocations=4 (full 0):
 garbage-first heap   total 229376K, used 109021K [0x000001eec6000000, 0x0000020ec6000000)
  region size 32768K, 1 young (32768K), 1 survivors (32768K)
 Metaspace       used 15154K, committed 15360K, reserved 1064960K
  class space    used 1383K, committed 1472K, reserved 1048576K
}
Event: 28.615 GC heap before
{Heap before GC invocations=5 (full 0):
 garbage-first heap   total 524288K, used 403933K [0x000001eec6000000, 0x0000020ec6000000)
  region size 32768K, 1 young (32768K), 1 survivors (32768K)
 Metaspace       used 15154K, committed 15360K, reserved 1064960K
  class space    used 1383K, committed 1472K, reserved 1048576K
}
Event: 28.619 GC heap after
{Heap after GC invocations=6 (full 0):
 garbage-first heap   total 524288K, used 412135K [0x000001eec6000000, 0x0000020ec6000000)
  region size 32768K, 1 young (32768K), 1 survivors (32768K)
 Metaspace       used 15154K, committed 15360K, reserved 1064960K
  class space    used 1383K, committed 1472K, reserved 1048576K
}
Event: 28.696 GC heap before
{Heap before GC invocations=7 (full 0):
 garbage-first heap   total 950272K, used 707047K [0x000001eec6000000, 0x0000020ec6000000)
  region size 32768K, 1 young (32768K), 1 survivors (32768K)
 Metaspace       used 15154K, committed 15360K, reserved 1064960K
  class space    used 1383K, committed 1472K, reserved 1048576K
}
Event: 28.700 GC heap after
{Heap after GC invocations=8 (full 0):
 garbage-first heap   total 950272K, used 698847K [0x000001eec6000000, 0x0000020ec6000000)
  region size 32768K, 1 young (32768K), 1 survivors (32768K)
 Metaspace       used 15154K, committed 15360K, reserved 1064960K
  class space    used 1383K, committed 1472K, reserved 1048576K
}
Event: 28.792 GC heap before
{Heap before GC invocations=9 (full 0):
 garbage-first heap   total 1441792K, used 993759K [0x000001eec6000000, 0x0000020ec6000000)
  region size 32768K, 2 young (65536K), 1 survivors (32768K)
 Metaspace       used 15167K, committed 15360K, reserved 1064960K
  class space    used 1383K, committed 1472K, reserved 1048576K
}
Event: 28.798 GC heap after
{Heap after GC invocations=10 (full 0):
 garbage-first heap   total 1441792K, used 1001973K [0x000001eec6000000, 0x0000020ec6000000)
  region size 32768K, 1 young (32768K), 1 survivors (32768K)
 Metaspace       used 15167K, committed 15360K, reserved 1064960K
  class space    used 1383K, committed 1472K, reserved 1048576K
}
Event: 28.888 GC heap before
{Heap before GC invocations=11 (full 0):
 garbage-first heap   total 1933312K, used 1296885K [0x000001eec6000000, 0x0000020ec6000000)
  region size 32768K, 2 young (65536K), 1 survivors (32768K)
 Metaspace       used 15168K, committed 15360K, reserved 1064960K
  class space    used 1383K, committed 1472K, reserved 1048576K
}
Event: 28.893 GC heap after
{Heap after GC invocations=12 (full 0):
 garbage-first heap   total 1933312K, used 1296875K [0x000001eec6000000, 0x0000020ec6000000)
  region size 32768K, 1 young (32768K), 1 survivors (32768K)
 Metaspace       used 15168K, committed 15360K, reserved 1064960K
  class space    used 1383K, committed 1472K, reserved 1048576K
}
Event: 29.139 GC heap before
{Heap before GC invocations=13 (full 0):
 garbage-first heap   total 2424832K, used 1395179K [0x000001eec6000000, 0x0000020ec6000000)
  region size 32768K, 1 young (32768K), 1 survivors (32768K)
 Metaspace       used 15170K, committed 15360K, reserved 1064960K
  class space    used 1383K, committed 1472K, reserved 1048576K
}
Event: 29.146 GC heap after
{Heap after GC invocations=14 (full 0):
 garbage-first heap   total 2424832K, used 1386962K [0x000001eec6000000, 0x0000020ec6000000)
  region size 32768K, 1 young (32768K), 1 survivors (32768K)
 Metaspace       used 15170K, committed 15360K, reserved 1064960K
  class space    used 1383K, committed 1472K, reserved 1048576K
}
Event: 29.369 GC heap before
{Heap before GC invocations=15 (full 0):
 garbage-first heap   total 2588672K, used 1485266K [0x000001eec6000000, 0x0000020ec6000000)
  region size 32768K, 2 young (65536K), 1 survivors (32768K)
 Metaspace       used 15171K, committed 15360K, reserved 1064960K
  class space    used 1383K, committed 1472K, reserved 1048576K
}

