# JRE version: Java(TM) SE Runtime Environment (8.0_271-b09) (build 1.8.0_271-b09)
# Java VM: Java HotSpot(TM) 64-Bit Server VM (25.271-b09 mixed mode windows-amd64 )
Heap:
 PSYoungGen      total 76800K, used 55342K [0x000001f326900000, 0x000001f32be80000, 0x000001f87be00000)
  eden space 70656K, 78% used [0x000001f326900000,0x000001f329ef3a90,0x000001f32ae00000)
  from space 6144K, 1% used [0x000001f32ae00000,0x000001f32ae18000,0x000001f32b400000)
  to   space 6144K, 0% used [0x000001f32b400000,0x000001f32b400000,0x000001f32ba00000)
 ParOldGen       total 2157056K, used 2130006K [0x000001e87be00000, 0x000001e8ff880000, 0x000001f326900000)
  object space 2157056K, 98% used [0x000001e87be00000,0x000001e8fde15bd0,0x000001e8ff880000)
 Metaspace       used 16464K, capacity 16835K, committed 17152K, reserved 18432K
GC Heap History (10 events):
Event: 52.757 GC heap before
{Heap before GC invocations=29 (full 2):
 PSYoungGen      total 76800K, used 70688K [0x000001f326900000, 0x000001f32be80000, 0x000001f87be00000)
  eden space 70656K, 100% used [0x000001f326900000,0x000001f32ae00000,0x000001f32ae00000)
  from space 6144K, 0% used [0x000001f32b400000,0x000001f32b408000,0x000001f32ba00000)
  to   space 6144K, 0% used [0x000001f32ae00000,0x000001f32ae00000,0x000001f32b400000)
 ParOldGen       total 2157056K, used 2130006K [0x000001e87be00000, 0x000001e8ff880000, 0x000001f326900000)
  object space 2157056K, 98% used [0x000001e87be00000,0x000001e8fde15bd0,0x000001e8ff880000)
 Metaspace       used 16107K, capacity 16515K, committed 16640K, reserved 18432K
Event: 52.764 GC heap after
Heap after GC invocations=29 (full 2):
 PSYoungGen      total 76800K, used 32K [0x000001f326900000, 0x000001f32be80000, 0x000001f87be00000)
  eden space 70656K, 0% used [0x000001f326900000,0x000001f326900000,0x000001f32ae00000)
  from space 6144K, 0% used [0x000001f32ae00000,0x000001f32ae08000,0x000001f32b400000)
  to   space 6144K, 0% used [0x000001f32b400000,0x000001f32b400000,0x000001f32ba00000)
 ParOldGen       total 2157056K, used 2130006K [0x000001e87be00000, 0x000001e8ff880000, 0x000001f326900000)
  object space 2157056K, 98% used [0x000001e87be00000,0x000001e8fde15bd0,0x000001e8ff880000)
 Metaspace       used 16107K, capacity 16515K, committed 16640K, reserved 18432K
}
Event: 52.813 GC heap before
{Heap before GC invocations=30 (full 2):
 PSYoungGen      total 76800K, used 70688K [0x000001f326900000, 0x000001f32be80000, 0x000001f87be00000)
  eden space 70656K, 100% used [0x000001f326900000,0x000001f32ae00000,0x000001f32ae00000)
  from space 6144K, 0% used [0x000001f32ae00000,0x000001f32ae08000,0x000001f32b400000)
  to   space 6144K, 0% used [0x000001f32b400000,0x000001f32b400000,0x000001f32ba00000)
 ParOldGen       total 2157056K, used 2130006K [0x000001e87be00000, 0x000001e8ff880000, 0x000001f326900000)
  object space 2157056K, 98% used [0x000001e87be00000,0x000001e8fde15bd0,0x000001e8ff880000)
 Metaspace       used 16107K, capacity 16515K, committed 16640K, reserved 18432K
Event: 52.819 GC heap after
Heap after GC invocations=30 (full 2):
 PSYoungGen      total 76800K, used 0K [0x000001f326900000, 0x000001f32be80000, 0x000001f87be00000)
  eden space 70656K, 0% used [0x000001f326900000,0x000001f326900000,0x000001f32ae00000)
  from space 6144K, 0% used [0x000001f32b400000,0x000001f32b400000,0x000001f32ba00000)
  to   space 6144K, 0% used [0x000001f32ae00000,0x000001f32ae00000,0x000001f32b400000)
 ParOldGen       total 2157056K, used 2130006K [0x000001e87be00000, 0x000001e8ff880000, 0x000001f326900000)
  object space 2157056K, 98% used [0x000001e87be00000,0x000001e8fde15bd0,0x000001e8ff880000)
 Metaspace       used 16107K, capacity 16515K, committed 16640K, reserved 18432K
}
Event: 52.867 GC heap before
{Heap before GC invocations=31 (full 2):
 PSYoungGen      total 76800K, used 70656K [0x000001f326900000, 0x000001f32be80000, 0x000001f87be00000)
  eden space 70656K, 100% used [0x000001f326900000,0x000001f32ae00000,0x000001f32ae00000)
  from space 6144K, 0% used [0x000001f32b400000,0x000001f32b400000,0x000001f32ba00000)
  to   space 6144K, 0% used [0x000001f32ae00000,0x000001f32ae00000,0x000001f32b400000)
 ParOldGen       total 2157056K, used 2130006K [0x000001e87be00000, 0x000001e8ff880000, 0x000001f326900000)
  object space 2157056K, 98% used [0x000001e87be00000,0x000001e8fde15bd0,0x000001e8ff880000)
 Metaspace       used 16107K, capacity 16515K, committed 16640K, reserved 18432K
Event: 52.874 GC heap after
Heap after GC invocations=31 (full 2):
 PSYoungGen      total 76800K, used 32K [0x000001f326900000, 0x000001f32be80000, 0x000001f87be00000)
  eden space 70656K, 0% used [0x000001f326900000,0x000001f326900000,0x000001f32ae00000)
  from space 6144K, 0% used [0x000001f32ae00000,0x000001f32ae08000,0x000001f32b400000)
  to   space 6144K, 0% used [0x000001f32b400000,0x000001f32b400000,0x000001f32ba00000)
 ParOldGen       total 2157056K, used 2130006K [0x000001e87be00000, 0x000001e8ff880000, 0x000001f326900000)
  object space 2157056K, 98% used [0x000001e87be00000,0x000001e8fde15bd0,0x000001e8ff880000)
 Metaspace       used 16107K, capacity 16515K, committed 16640K, reserved 18432K
}
Event: 52.921 GC heap before
{Heap before GC invocations=32 (full 2):
 PSYoungGen      total 76800K, used 70688K [0x000001f326900000, 0x000001f32be80000, 0x000001f87be00000)
  eden space 70656K, 100% used [0x000001f326900000,0x000001f32ae00000,0x000001f32ae00000)
  from space 6144K, 0% used [0x000001f32ae00000,0x000001f32ae08000,0x000001f32b400000)
  to   space 6144K, 0% used [0x000001f32b400000,0x000001f32b400000,0x000001f32ba00000)
 ParOldGen       total 2157056K, used 2130006K [0x000001e87be00000, 0x000001e8ff880000, 0x000001f326900000)
  object space 2157056K, 98% used [0x000001e87be00000,0x000001e8fde15bd0,0x000001e8ff880000)
 Metaspace       used 16107K, capacity 16515K, committed 16640K, reserved 18432K
Event: 52.930 GC heap after
Heap after GC invocations=32 (full 2):
 PSYoungGen      total 76800K, used 0K [0x000001f326900000, 0x000001f32be80000, 0x000001f87be00000)
  eden space 70656K, 0% used [0x000001f326900000,0x000001f326900000,0x000001f32ae00000)
  from space 6144K, 0% used [0x000001f32b400000,0x000001f32b400000,0x000001f32ba00000)
  to   space 6144K, 0% used [0x000001f32ae00000,0x000001f32ae00000,0x000001f32b400000)
 ParOldGen       total 2157056K, used 2130006K [0x000001e87be00000, 0x000001e8ff880000, 0x000001f326900000)
  object space 2157056K, 98% used [0x000001e87be00000,0x000001e8fde15bd0,0x000001e8ff880000)
 Metaspace       used 16107K, capacity 16515K, committed 16640K, reserved 18432K
}
Event: 52.986 GC heap before
{Heap before GC invocations=33 (full 2):
 PSYoungGen      total 76800K, used 55107K [0x000001f326900000, 0x000001f32be80000, 0x000001f87be00000)
  eden space 70656K, 77% used [0x000001f326900000,0x000001f329ed0e00,0x000001f32ae00000)
  from space 6144K, 0% used [0x000001f32b400000,0x000001f32b400000,0x000001f32ba00000)
  to   space 6144K, 0% used [0x000001f32ae00000,0x000001f32ae00000,0x000001f32b400000)
 ParOldGen       total 2157056K, used 2130006K [0x000001e87be00000, 0x000001e8ff880000, 0x000001f326900000)
  object space 2157056K, 98% used [0x000001e87be00000,0x000001e8fde15bd0,0x000001e8ff880000)
 Metaspace       used 16111K, capacity 16515K, committed 16640K, reserved 18432K
Event: 52.994 GC heap after
Heap after GC invocations=33 (full 2):
 PSYoungGen      total 76800K, used 96K [0x000001f326900000, 0x000001f32be80000, 0x000001f87be00000)
  eden space 70656K, 0% used [0x000001f326900000,0x000001f326900000,0x000001f32ae00000)
  from space 6144K, 1% used [0x000001f32ae00000,0x000001f32ae18000,0x000001f32b400000)
  to   space 6144K, 0% used [0x000001f32b400000,0x000001f32b400000,0x000001f32ba00000)
 ParOldGen       total 2157056K, used 2130006K [0x000001e87be00000, 0x000001e8ff880000, 0x000001f326900000)
  object space 2157056K, 98% used [0x000001e87be00000,0x000001e8fde15bd0,0x000001e8ff880000)
 Metaspace       used 16111K, capacity 16515K, committed 16640K, reserved 18432K
}

