# JRE version: OpenJDK Runtime Environment (16.0.1+9) (build 16.0.1+9-24)
# Java VM: OpenJDK 64-Bit Server VM (16.0.1+9-24, mixed mode, tiered, compressed class ptrs, g1 gc, windows-amd64)
GC Precious Log:
 CPUs: 12 total, 12 available
 Memory: 8099M
 Large Page Support: Disabled
 NUMA Support: Disabled
 Compressed Oops: Disabled
 Heap Region Size: 32M
 Heap Min Capacity: 32M
 Heap Initial Capacity: 128M
 Heap Max Capacity: 64G
 Pre-touch: Disabled
 Parallel Workers: 10
 Concurrent Workers: 3
 Concurrent Refinement Workers: 10
 Periodic GC: Disabled
Heap:
 garbage-first heap   total 21102592K, used 16353942K [0x000001ebf2000000, 0x000001fbf2000000)
  region size 32768K, 1 young (32768K), 1 survivors (32768K)
 Metaspace       used 14874K, committed 15040K, reserved 1064960K
  class space    used 1384K, committed 1472K, reserved 1048576K
GC Heap History (18 events):
Event: 0.242 GC heap before
{Heap before GC invocations=0 (full 0):
 garbage-first heap   total 131072K, used 0K [0x000001ebf2000000, 0x000001fbf2000000)
  region size 32768K, 1 young (32768K), 0 survivors (0K)
 Metaspace       used 11167K, committed 11328K, reserved 1064960K
  class space    used 958K, committed 1024K, reserved 1048576K
}
Event: 0.244 GC heap after
{Heap after GC invocations=1 (full 0):
 garbage-first heap   total 131072K, used 1800K [0x000001ebf2000000, 0x000001fbf2000000)
  region size 32768K, 1 young (32768K), 1 survivors (32768K)
 Metaspace       used 11167K, committed 11328K, reserved 1064960K
  class space    used 958K, committed 1024K, reserved 1048576K
}
Event: 2.500 GC heap before
{Heap before GC invocations=1 (full 0):
 garbage-first heap   total 262144K, used 165640K [0x000001ebf2000000, 0x000001fbf2000000)
  region size 32768K, 2 young (65536K), 1 survivors (32768K)
 Metaspace       used 11423K, committed 11584K, reserved 1064960K
  class space    used 974K, committed 1024K, reserved 1048576K
}
Event: 2.502 GC heap after
{Heap after GC invocations=2 (full 0):
 garbage-first heap   total 262144K, used 165716K [0x000001ebf2000000, 0x000001fbf2000000)
  region size 32768K, 1 young (32768K), 1 survivors (32768K)
 Metaspace       used 11423K, committed 11584K, reserved 1064960K
  class space    used 974K, committed 1024K, reserved 1048576K
}
Event: 2.555 GC heap before
{Heap before GC invocations=3 (full 0):
 garbage-first heap   total 622592K, used 329556K [0x000001ebf2000000, 0x000001fbf2000000)
  region size 32768K, 2 young (65536K), 1 survivors (32768K)
 Metaspace       used 11423K, committed 11584K, reserved 1064960K
  class space    used 974K, committed 1024K, reserved 1048576K
}
Event: 2.557 GC heap after
{Heap after GC invocations=4 (full 0):
 garbage-first heap   total 622592K, used 329650K [0x000001ebf2000000, 0x000001fbf2000000)
  region size 32768K, 1 young (32768K), 1 survivors (32768K)
 Metaspace       used 11423K, committed 11584K, reserved 1064960K
  class space    used 974K, committed 1024K, reserved 1048576K
}
Event: 5.717 GC heap before
{Heap before GC invocations=5 (full 0):
 garbage-first heap   total 884736K, used 493490K [0x000001ebf2000000, 0x000001fbf2000000)
  region size 32768K, 2 young (65536K), 1 survivors (32768K)
 Metaspace       used 14858K, committed 15040K, reserved 1064960K
  class space    used 1384K, committed 1472K, reserved 1048576K
}
Event: 5.719 GC heap after
{Heap after GC invocations=6 (full 0):
 garbage-first heap   total 884736K, used 166408K [0x000001ebf2000000, 0x000001fbf2000000)
  region size 32768K, 1 young (32768K), 1 survivors (32768K)
 Metaspace       used 14858K, committed 15040K, reserved 1064960K
  class space    used 1384K, committed 1472K, reserved 1048576K
}
Event: 6.230 GC heap before
{Heap before GC invocations=6 (full 0):
 garbage-first heap   total 2097152K, used 1411592K [0x000001ebf2000000, 0x000001fbf2000000)
  region size 32768K, 2 young (65536K), 1 survivors (32768K)
 Metaspace       used 14861K, committed 15040K, reserved 1064960K
  class space    used 1384K, committed 1472K, reserved 1048576K
}
Event: 6.232 GC heap after
{Heap after GC invocations=7 (full 0):
 garbage-first heap   total 2097152K, used 1411597K [0x000001ebf2000000, 0x000001fbf2000000)
  region size 32768K, 1 young (32768K), 1 survivors (32768K)
 Metaspace       used 14861K, committed 15040K, reserved 1064960K
  class space    used 1384K, committed 1472K, reserved 1048576K
}
Event: 7.197 GC heap before
{Heap before GC invocations=8 (full 0):
 garbage-first heap   total 5832704K, used 5147149K [0x000001ebf2000000, 0x000001fbf2000000)
  region size 32768K, 2 young (65536K), 1 survivors (32768K)
 Metaspace       used 14862K, committed 15040K, reserved 1064960K
  class space    used 1384K, committed 1472K, reserved 1048576K
}
Event: 7.199 GC heap after
{Heap after GC invocations=9 (full 0):
 garbage-first heap   total 5832704K, used 5147181K [0x000001ebf2000000, 0x000001fbf2000000)
  region size 32768K, 1 young (32768K), 1 survivors (32768K)
 Metaspace       used 14862K, committed 15040K, reserved 1064960K
  class space    used 1384K, committed 1472K, reserved 1048576K
}
Event: 10.041 GC heap before
{Heap before GC invocations=10 (full 0):
 garbage-first heap   total 10715136K, used 8882733K [0x000001ebf2000000, 0x000001fbf2000000)
  region size 32768K, 1 young (32768K), 1 survivors (32768K)
 Metaspace       used 14862K, committed 15040K, reserved 1064960K
  class space    used 1384K, committed 1472K, reserved 1048576K
}
Event: 10.053 GC heap after
{Heap after GC invocations=11 (full 0):
 garbage-first heap   total 10715136K, used 8882716K [0x000001ebf2000000, 0x000001fbf2000000)
  region size 32768K, 1 young (32768K), 1 survivors (32768K)
 Metaspace       used 14862K, committed 15040K, reserved 1064960K
  class space    used 1384K, committed 1472K, reserved 1048576K
}
Event: 11.335 GC heap before
{Heap before GC invocations=12 (full 0):
 garbage-first heap   total 16941056K, used 11373084K [0x000001ebf2000000, 0x000001fbf2000000)
  region size 32768K, 2 young (65536K), 1 survivors (32768K)
 Metaspace       used 14874K, committed 15040K, reserved 1064960K
  class space    used 1384K, committed 1472K, reserved 1048576K
}
Event: 11.346 GC heap after
{Heap after GC invocations=13 (full 0):
 garbage-first heap   total 16941056K, used 11373134K [0x000001ebf2000000, 0x000001fbf2000000)
  region size 32768K, 1 young (32768K), 1 survivors (32768K)
 Metaspace       used 14874K, committed 15040K, reserved 1064960K
  class space    used 1384K, committed 1472K, reserved 1048576K
}
Event: 13.583 GC heap before
{Heap before GC invocations=14 (full 0):
 garbage-first heap   total 21102592K, used 15108686K [0x000001ebf2000000, 0x000001fbf2000000)
  region size 32768K, 1 young (32768K), 1 survivors (32768K)
 Metaspace       used 14874K, committed 15040K, reserved 1064960K
  class space    used 1384K, committed 1472K, reserved 1048576K
}
Event: 13.594 GC heap after
{Heap after GC invocations=15 (full 0):
 garbage-first heap   total 21102592K, used 15108758K [0x000001ebf2000000, 0x000001fbf2000000)
  region size 32768K, 1 young (32768K), 1 survivors (32768K)
 Metaspace       used 14874K, committed 15040K, reserved 1064960K
  class space    used 1384K, committed 1472K, reserved 1048576K
}

