# JRE version: OpenJDK Runtime Environment (16.0.1+9) (build 16.0.1+9-Ubuntu-120.04)
# Java VM: OpenJDK 64-Bit Server VM (16.0.1+9-Ubuntu-120.04, mixed mode, sharing, tiered, compressed class ptrs, g1 gc, linux-amd64)
GC Precious Log:
 CPUs: 4 total, 4 available
 Memory: 3837M
 Large Page Support: Disabled
 NUMA Support: Disabled
 Compressed Oops: Disabled
 Heap Region Size: 32M
 Heap Min Capacity: 32M
 Heap Initial Capacity: 64M
 Heap Max Capacity: 64G
 Pre-touch: Disabled
 Parallel Workers: 4
 Concurrent Workers: 1
 Concurrent Refinement Workers: 4
 Periodic GC: Disabled
Heap:
 garbage-first heap   total 1933312K, used 1077729K [0x00007fb574000000, 0x00007fc574000000)
  region size 32768K, 1 young (32768K), 1 survivors (32768K)
 Metaspace       used 17494K, committed 17728K, reserved 1064960K
  class space    used 1765K, committed 1856K, reserved 1048576K
GC Heap History (20 events):
Event: 81.076 GC heap after
{Heap after GC invocations=12 (full 0):
 garbage-first heap   total 589824K, used 312801K [0x00007fb574000000, 0x00007fc574000000)
  region size 32768K, 1 young (32768K), 1 survivors (32768K)
 Metaspace       used 15502K, committed 15680K, reserved 1064960K
  class space    used 1583K, committed 1664K, reserved 1048576K
}
Event: 98.324 GC heap before
{Heap before GC invocations=13 (full 0):
 garbage-first heap   total 720896K, used 476641K [0x00007fb574000000, 0x00007fc574000000)
  region size 32768K, 5 young (163840K), 1 survivors (32768K)
 Metaspace       used 16657K, committed 16896K, reserved 1064960K
  class space    used 1716K, committed 1856K, reserved 1048576K
}
Event: 98.357 GC heap after
{Heap after GC invocations=14 (full 0):
 garbage-first heap   total 720896K, used 344334K [0x00007fb574000000, 0x00007fc574000000)
  region size 32768K, 1 young (32768K), 1 survivors (32768K)
 Metaspace       used 16657K, committed 16896K, reserved 1064960K
  class space    used 1716K, committed 1856K, reserved 1048576K
}
Event: 98.714 GC heap before
{Heap before GC invocations=14 (full 0):
 garbage-first heap   total 720896K, used 409870K [0x00007fb574000000, 0x00007fc574000000)
  region size 32768K, 4 young (131072K), 1 survivors (32768K)
 Metaspace       used 16664K, committed 16896K, reserved 1064960K
  class space    used 1716K, committed 1856K, reserved 1048576K
}
Event: 98.741 GC heap after
{Heap after GC invocations=15 (full 0):
 garbage-first heap   total 720896K, used 336007K [0x00007fb574000000, 0x00007fc574000000)
  region size 32768K, 1 young (32768K), 1 survivors (32768K)
 Metaspace       used 16664K, committed 16896K, reserved 1064960K
  class space    used 1716K, committed 1856K, reserved 1048576K
}
Event: 99.048 GC heap before
{Heap before GC invocations=16 (full 0):
 garbage-first heap   total 720896K, used 368775K [0x00007fb574000000, 0x00007fc574000000)
  region size 32768K, 3 young (98304K), 1 survivors (32768K)
 Metaspace       used 16667K, committed 16896K, reserved 1064960K
  class space    used 1716K, committed 1856K, reserved 1048576K
}
Event: 99.062 GC heap after
{Heap after GC invocations=17 (full 0):
 garbage-first heap   total 720896K, used 336552K [0x00007fb574000000, 0x00007fc574000000)
  region size 32768K, 1 young (32768K), 1 survivors (32768K)
 Metaspace       used 16667K, committed 16896K, reserved 1064960K
  class space    used 1716K, committed 1856K, reserved 1048576K
}
Event: 99.159 GC heap before
{Heap before GC invocations=17 (full 0):
 garbage-first heap   total 720896K, used 402088K [0x00007fb574000000, 0x00007fc574000000)
  region size 32768K, 3 young (98304K), 1 survivors (32768K)
 Metaspace       used 16667K, committed 16896K, reserved 1064960K
  class space    used 1716K, committed 1856K, reserved 1048576K
}
Event: 99.178 GC heap after
{Heap after GC invocations=18 (full 0):
 garbage-first heap   total 720896K, used 344336K [0x00007fb574000000, 0x00007fc574000000)
  region size 32768K, 1 young (32768K), 1 survivors (32768K)
 Metaspace       used 16667K, committed 16896K, reserved 1064960K
  class space    used 1716K, committed 1856K, reserved 1048576K
}
Event: 111.325 GC heap before
{Heap before GC invocations=19 (full 0):
 garbage-first heap   total 1507328K, used 1196304K [0x00007fb574000000, 0x00007fc574000000)
  region size 32768K, 4 young (131072K), 1 survivors (32768K)
 Metaspace       used 17491K, committed 17728K, reserved 1064960K
  class space    used 1765K, committed 1856K, reserved 1048576K
}
Event: 111.336 GC heap after
{Heap after GC invocations=20 (full 0):
 garbage-first heap   total 1507328K, used 1151625K [0x00007fb574000000, 0x00007fc574000000)
  region size 32768K, 1 young (32768K), 1 survivors (32768K)
 Metaspace       used 17491K, committed 17728K, reserved 1064960K
  class space    used 1765K, committed 1856K, reserved 1048576K
}
Event: 111.505 GC heap before
{Heap before GC invocations=20 (full 0):
 garbage-first heap   total 1507328K, used 1184393K [0x00007fb574000000, 0x00007fc574000000)
  region size 32768K, 2 young (65536K), 1 survivors (32768K)
 Metaspace       used 17494K, committed 17728K, reserved 1064960K
  class space    used 1765K, committed 1856K, reserved 1048576K
}
Event: 111.536 GC heap after
{Heap after GC invocations=21 (full 0):
 garbage-first heap   total 1507328K, used 1077740K [0x00007fb574000000, 0x00007fc574000000)
  region size 32768K, 1 young (32768K), 1 survivors (32768K)
 Metaspace       used 17494K, committed 17728K, reserved 1064960K
  class space    used 1765K, committed 1856K, reserved 1048576K
}
Event: 112.049 GC heap before
{Heap before GC invocations=21 (full 0):
 garbage-first heap   total 1507328K, used 1143276K [0x00007fb574000000, 0x00007fc574000000)
  region size 32768K, 4 young (131072K), 1 survivors (32768K)
 Metaspace       used 17494K, committed 17728K, reserved 1064960K
  class space    used 1765K, committed 1856K, reserved 1048576K
}
Event: 112.052 GC heap after
{Heap after GC invocations=22 (full 0):
 garbage-first heap   total 1507328K, used 1077725K [0x00007fb574000000, 0x00007fc574000000)
  region size 32768K, 1 young (32768K), 1 survivors (32768K)
 Metaspace       used 17494K, committed 17728K, reserved 1064960K
  class space    used 1765K, committed 1856K, reserved 1048576K
}
Event: 112.746 GC heap before
{Heap before GC invocations=23 (full 0):
 garbage-first heap   total 1933312K, used 1176029K [0x00007fb574000000, 0x00007fc574000000)
  region size 32768K, 5 young (163840K), 1 survivors (32768K)
 Metaspace       used 17494K, committed 17728K, reserved 1064960K
  class space    used 1765K, committed 1856K, reserved 1048576K
}
Event: 112.746 GC heap after
{Heap after GC invocations=24 (full 0):
 garbage-first heap   total 1933312K, used 1077729K [0x00007fb574000000, 0x00007fc574000000)
  region size 32768K, 1 young (32768K), 1 survivors (32768K)
 Metaspace       used 17494K, committed 17728K, reserved 1064960K
  class space    used 1765K, committed 1856K, reserved 1048576K
}
Event: 121.280 GC heap before
{Heap before GC invocations=24 (full 0):
 garbage-first heap   total 1933312K, used 1503713K [0x00007fb574000000, 0x00007fc574000000)
  region size 32768K, 14 young (458752K), 1 survivors (32768K)
 Metaspace       used 17494K, committed 17728K, reserved 1064960K
  class space    used 1765K, committed 1856K, reserved 1048576K
}
Event: 123.621 GC heap after
{Heap after GC invocations=25 (full 0):
 garbage-first heap   total 1933312K, used 1077725K [0x00007fb574000000, 0x00007fc574000000)
  region size 32768K, 1 young (32768K), 1 survivors (32768K)
 Metaspace       used 17494K, committed 17728K, reserved 1064960K
  class space    used 1765K, committed 1856K, reserved 1048576K
}
Event: 123.868 GC heap before
{Heap before GC invocations=25 (full 0):
 garbage-first heap   total 1933312K, used 1077725K [0x00007fb574000000, 0x00007fc574000000)
  region size 32768K, 2 young (65536K), 1 survivors (32768K)
 Metaspace       used 17494K, committed 17728K, reserved 1064960K
  class space    used 1765K, committed 1856K, reserved 1048576K
}

