# JRE version: Java(TM) SE Runtime Environment (8.0_271-b09) (build 1.8.0_271-b09)
# Java VM: Java HotSpot(TM) 64-Bit Server VM (25.271-b09 mixed mode windows-amd64 )
Heap:
 PSYoungGen      total 1583616K, used 1435971K [0x000001950df00000, 0x00000195c3e00000, 0x0000019a63400000)
  eden space 829440K, 82% used [0x000001950df00000,0x00000195378d1160,0x0000019540900000)
  from space 754176K, 99% used [0x000001957b980000,0x00000195a99ffe00,0x00000195a9a00000)
  to   space 967168K, 28% used [0x0000019540900000,0x000001955118af30,0x000001957b980000)
 ParOldGen       total 3688960K, used 3650846K [0x0000018a63400000, 0x0000018b44680000, 0x000001950df00000)
  object space 3688960K, 98% used [0x0000018a63400000,0x0000018b42147b00,0x0000018b44680000)
 Metaspace       used 16438K, capacity 16771K, committed 16896K, reserved 18432K
GC Heap History (10 events):
Event: 78.974 GC heap after
Heap after GC invocations=30 (full 10):
 PSYoungGen      total 1197568K, used 260604K [0x000001950df00000, 0x0000019592e80000, 0x0000019a63400000)
  eden space 936960K, 0% used [0x000001950df00000,0x000001950df00000,0x0000019547200000)
  from space 260608K, 99% used [0x0000019565980000,0x00000195757ff170,0x0000019575800000)
  to   space 499200K, 0% used [0x0000019547200000,0x0000019547200000,0x0000019565980000)
 ParOldGen       total 2324480K, used 2083385K [0x0000018a63400000, 0x0000018af1200000, 0x000001950df00000)
  object space 2324480K, 89% used [0x0000018a63400000,0x0000018ae268e758,0x0000018af1200000)
 Metaspace       used 16438K, capacity 16771K, committed 16896K, reserved 18432K
}
Event: 78.974 GC heap before
{Heap before GC invocations=31 (full 11):
 PSYoungGen      total 1197568K, used 260604K [0x000001950df00000, 0x0000019592e80000, 0x0000019a63400000)
  eden space 936960K, 0% used [0x000001950df00000,0x000001950df00000,0x0000019547200000)
  from space 260608K, 99% used [0x0000019565980000,0x00000195757ff170,0x0000019575800000)
  to   space 499200K, 0% used [0x0000019547200000,0x0000019547200000,0x0000019565980000)
 ParOldGen       total 2324480K, used 2083385K [0x0000018a63400000, 0x0000018af1200000, 0x000001950df00000)
  object space 2324480K, 89% used [0x0000018a63400000,0x0000018ae268e758,0x0000018af1200000)
 Metaspace       used 16438K, capacity 16771K, committed 16896K, reserved 18432K
Event: 86.616 GC heap after
Heap after GC invocations=31 (full 11):
 PSYoungGen      total 1197568K, used 0K [0x000001950df00000, 0x0000019592e80000, 0x0000019a63400000)
  eden space 936960K, 0% used [0x000001950df00000,0x000001950df00000,0x0000019547200000)
  from space 260608K, 0% used [0x0000019565980000,0x0000019565980000,0x0000019575800000)
  to   space 499200K, 0% used [0x0000019547200000,0x0000019547200000,0x0000019565980000)
 ParOldGen       total 3001344K, used 2162912K [0x0000018a63400000, 0x0000018b1a700000, 0x000001950df00000)
  object space 3001344K, 72% used [0x0000018a63400000,0x0000018ae74381b0,0x0000018b1a700000)
 Metaspace       used 16438K, capacity 16771K, committed 16896K, reserved 18432K
}
Event: 111.582 GC heap before
{Heap before GC invocations=32 (full 11):
 PSYoungGen      total 1197568K, used 936960K [0x000001950df00000, 0x0000019592e80000, 0x0000019a63400000)
  eden space 936960K, 100% used [0x000001950df00000,0x0000019547200000,0x0000019547200000)
  from space 260608K, 0% used [0x0000019565980000,0x0000019565980000,0x0000019575800000)
  to   space 499200K, 0% used [0x0000019547200000,0x0000019547200000,0x0000019565980000)
 ParOldGen       total 3001344K, used 2162912K [0x0000018a63400000, 0x0000018b1a700000, 0x000001950df00000)
  object space 3001344K, 72% used [0x0000018a63400000,0x0000018ae74381b0,0x0000018b1a700000)
 Metaspace       used 16438K, capacity 16771K, committed 16896K, reserved 18432K
Event: 114.853 GC heap after
Heap after GC invocations=32 (full 11):
 PSYoungGen      total 1436160K, used 499189K [0x000001950df00000, 0x00000195a9a00000, 0x0000019a63400000)
  eden space 936960K, 0% used [0x000001950df00000,0x000001950df00000,0x0000019547200000)
  from space 499200K, 99% used [0x0000019547200000,0x000001956597d420,0x0000019565980000)
  to   space 754176K, 0% used [0x000001957b980000,0x000001957b980000,0x00000195a9a00000)
 ParOldGen       total 3001344K, used 2590520K [0x0000018a63400000, 0x0000018b1a700000, 0x000001950df00000)
  object space 3001344K, 86% used [0x0000018a63400000,0x0000018b015ce1b0,0x0000018b1a700000)
 Metaspace       used 16438K, capacity 16771K, committed 16896K, reserved 18432K
}
Event: 114.854 GC heap before
{Heap before GC invocations=33 (full 12):
 PSYoungGen      total 1436160K, used 499189K [0x000001950df00000, 0x00000195a9a00000, 0x0000019a63400000)
  eden space 936960K, 0% used [0x000001950df00000,0x000001950df00000,0x0000019547200000)
  from space 499200K, 99% used [0x0000019547200000,0x000001956597d420,0x0000019565980000)
  to   space 754176K, 0% used [0x000001957b980000,0x000001957b980000,0x00000195a9a00000)
 ParOldGen       total 3001344K, used 2590520K [0x0000018a63400000, 0x0000018b1a700000, 0x000001950df00000)
  object space 3001344K, 86% used [0x0000018a63400000,0x0000018b015ce1b0,0x0000018b1a700000)
 Metaspace       used 16438K, capacity 16771K, committed 16896K, reserved 18432K
Event: 123.858 GC heap after
Heap after GC invocations=33 (full 12):
 PSYoungGen      total 1436160K, used 0K [0x000001950df00000, 0x00000195a9a00000, 0x0000019a63400000)
  eden space 936960K, 0% used [0x000001950df00000,0x000001950df00000,0x0000019547200000)
  from space 499200K, 0% used [0x0000019547200000,0x0000019547200000,0x0000019565980000)
  to   space 754176K, 0% used [0x000001957b980000,0x000001957b980000,0x00000195a9a00000)
 ParOldGen       total 3688960K, used 2799487K [0x0000018a63400000, 0x0000018b44680000, 0x000001950df00000)
  object space 3688960K, 75% used [0x0000018a63400000,0x0000018b0e1dfd00,0x0000018b44680000)
 Metaspace       used 16438K, capacity 16771K, committed 16896K, reserved 18432K
}
Event: 126.098 GC heap before
{Heap before GC invocations=34 (full 12):
 PSYoungGen      total 1436160K, used 936960K [0x000001950df00000, 0x00000195a9a00000, 0x0000019a63400000)
  eden space 936960K, 100% used [0x000001950df00000,0x0000019547200000,0x0000019547200000)
  from space 499200K, 0% used [0x0000019547200000,0x0000019547200000,0x0000019565980000)
  to   space 754176K, 0% used [0x000001957b980000,0x000001957b980000,0x00000195a9a00000)
 ParOldGen       total 3688960K, used 2799487K [0x0000018a63400000, 0x0000018b44680000, 0x000001950df00000)
  object space 3688960K, 75% used [0x0000018a63400000,0x0000018b0e1dfd00,0x0000018b44680000)
 Metaspace       used 16438K, capacity 16771K, committed 16896K, reserved 18432K
Event: 127.945 GC heap after
Heap after GC invocations=34 (full 12):
 PSYoungGen      total 1583616K, used 754175K [0x000001950df00000, 0x00000195c3e00000, 0x0000019a63400000)
  eden space 829440K, 0% used [0x000001950df00000,0x000001950df00000,0x0000019540900000)
  from space 754176K, 99% used [0x000001957b980000,0x00000195a99ffe00,0x00000195a9a00000)
  to   space 967168K, 0% used [0x0000019540900000,0x0000019540900000,0x000001957b980000)
 ParOldGen       total 3688960K, used 2983111K [0x0000018a63400000, 0x0000018b44680000, 0x000001950df00000)
  object space 3688960K, 80% used [0x0000018a63400000,0x0000018b19531d00,0x0000018b44680000)
 Metaspace       used 16438K, capacity 16771K, committed 16896K, reserved 18432K
}
Event: 130.914 GC heap before
{Heap before GC invocations=35 (full 12):
 PSYoungGen      total 1583616K, used 1435971K [0x000001950df00000, 0x00000195c3e00000, 0x0000019a63400000)
  eden space 829440K, 82% used [0x000001950df00000,0x00000195378d1160,0x0000019540900000)
  from space 754176K, 99% used [0x000001957b980000,0x00000195a99ffe00,0x00000195a9a00000)
  to   space 967168K, 0% used [0x0000019540900000,0x0000019540900000,0x000001957b980000)
 ParOldGen       total 3688960K, used 2983111K [0x0000018a63400000, 0x0000018b44680000, 0x000001950df00000)
  object space 3688960K, 80% used [0x0000018a63400000,0x0000018b19531d00,0x0000018b44680000)
 Metaspace       used 16438K, capacity 16771K, committed 16896K, reserved 18432K

