# JRE version: OpenJDK Runtime Environment (16.0.1+9) (build 16.0.1+9-24)
# Java VM: OpenJDK 64-Bit Server VM (16.0.1+9-24, mixed mode, tiered, compressed class ptrs, g1 gc, windows-amd64)
GC Precious Log:
 CPUs: 12 total, 12 available
 Memory: 8099M
 Large Page Support: Disabled
 NUMA Support: Disabled
 Compressed Oops: Disabled
 Heap Region Size: 32M
 Heap Min Capacity: 32M
 Heap Initial Capacity: 128M
 Heap Max Capacity: 124G
 Pre-touch: Disabled
 Parallel Workers: 10
 Concurrent Workers: 3
 Concurrent Refinement Workers: 10
 Periodic GC: Disabled
Heap:
 garbage-first heap   total 16941056K, used 11373070K [0x000001e6a8000000, 0x00000205a8000000)
  region size 32768K, 1 young (32768K), 1 survivors (32768K)
 Metaspace       used 14875K, committed 15040K, reserved 1064960K
  class space    used 1384K, committed 1472K, reserved 1048576K
GC Heap History (15 events):
Event: 0.239 GC heap before
{Heap before GC invocations=0 (full 0):
 garbage-first heap   total 131072K, used 0K [0x000001e6a8000000, 0x00000205a8000000)
  region size 32768K, 1 young (32768K), 0 survivors (0K)
 Metaspace       used 11151K, committed 11264K, reserved 1064960K
  class space    used 958K, committed 1024K, reserved 1048576K
}
Event: 0.241 GC heap after
{Heap after GC invocations=1 (full 0):
 garbage-first heap   total 131072K, used 1797K [0x000001e6a8000000, 0x00000205a8000000)
  region size 32768K, 1 young (32768K), 1 survivors (32768K)
 Metaspace       used 11151K, committed 11264K, reserved 1064960K
  class space    used 958K, committed 1024K, reserved 1048576K
}
Event: 2.769 GC heap before
{Heap before GC invocations=1 (full 0):
 garbage-first heap   total 262144K, used 165637K [0x000001e6a8000000, 0x00000205a8000000)
  region size 32768K, 2 young (65536K), 1 survivors (32768K)
 Metaspace       used 11407K, committed 11584K, reserved 1064960K
  class space    used 974K, committed 1024K, reserved 1048576K
}
Event: 2.771 GC heap after
{Heap after GC invocations=2 (full 0):
 garbage-first heap   total 262144K, used 165746K [0x000001e6a8000000, 0x00000205a8000000)
  region size 32768K, 1 young (32768K), 1 survivors (32768K)
 Metaspace       used 11407K, committed 11584K, reserved 1064960K
  class space    used 974K, committed 1024K, reserved 1048576K
}
Event: 2.822 GC heap before
{Heap before GC invocations=3 (full 0):
 garbage-first heap   total 622592K, used 329586K [0x000001e6a8000000, 0x00000205a8000000)
  region size 32768K, 2 young (65536K), 1 survivors (32768K)
 Metaspace       used 11407K, committed 11584K, reserved 1064960K
  class space    used 974K, committed 1024K, reserved 1048576K
}
Event: 2.823 GC heap after
{Heap after GC invocations=4 (full 0):
 garbage-first heap   total 622592K, used 329634K [0x000001e6a8000000, 0x00000205a8000000)
  region size 32768K, 1 young (32768K), 1 survivors (32768K)
 Metaspace       used 11407K, committed 11584K, reserved 1064960K
  class space    used 974K, committed 1024K, reserved 1048576K
}
Event: 5.906 GC heap before
{Heap before GC invocations=5 (full 0):
 garbage-first heap   total 884736K, used 493474K [0x000001e6a8000000, 0x00000205a8000000)
  region size 32768K, 2 young (65536K), 1 survivors (32768K)
 Metaspace       used 14858K, committed 15040K, reserved 1064960K
  class space    used 1384K, committed 1472K, reserved 1048576K
}
Event: 5.908 GC heap after
{Heap after GC invocations=6 (full 0):
 garbage-first heap   total 884736K, used 166399K [0x000001e6a8000000, 0x00000205a8000000)
  region size 32768K, 1 young (32768K), 1 survivors (32768K)
 Metaspace       used 14858K, committed 15040K, reserved 1064960K
  class space    used 1384K, committed 1472K, reserved 1048576K
}
Event: 6.424 GC heap before
{Heap before GC invocations=6 (full 0):
 garbage-first heap   total 2097152K, used 1411583K [0x000001e6a8000000, 0x00000205a8000000)
  region size 32768K, 2 young (65536K), 1 survivors (32768K)
 Metaspace       used 14862K, committed 15040K, reserved 1064960K
  class space    used 1384K, committed 1472K, reserved 1048576K
}
Event: 6.426 GC heap after
{Heap after GC invocations=7 (full 0):
 garbage-first heap   total 2097152K, used 1411637K [0x000001e6a8000000, 0x00000205a8000000)
  region size 32768K, 1 young (32768K), 1 survivors (32768K)
 Metaspace       used 14862K, committed 15040K, reserved 1064960K
  class space    used 1384K, committed 1472K, reserved 1048576K
}
Event: 7.426 GC heap before
{Heap before GC invocations=8 (full 0):
 garbage-first heap   total 5832704K, used 5147189K [0x000001e6a8000000, 0x00000205a8000000)
  region size 32768K, 2 young (65536K), 1 survivors (32768K)
 Metaspace       used 14862K, committed 15040K, reserved 1064960K
  class space    used 1384K, committed 1472K, reserved 1048576K
}
Event: 7.429 GC heap after
{Heap after GC invocations=9 (full 0):
 garbage-first heap   total 5832704K, used 5147181K [0x000001e6a8000000, 0x00000205a8000000)
  region size 32768K, 1 young (32768K), 1 survivors (32768K)
 Metaspace       used 14862K, committed 15040K, reserved 1064960K
  class space    used 1384K, committed 1472K, reserved 1048576K
}
Event: 9.961 GC heap before
{Heap before GC invocations=10 (full 0):
 garbage-first heap   total 10715136K, used 8882733K [0x000001e6a8000000, 0x00000205a8000000)
  region size 32768K, 1 young (32768K), 1 survivors (32768K)
 Metaspace       used 14862K, committed 15040K, reserved 1064960K
  class space    used 1384K, committed 1472K, reserved 1048576K
}
Event: 9.968 GC heap after
{Heap after GC invocations=11 (full 0):
 garbage-first heap   total 10715136K, used 8882750K [0x000001e6a8000000, 0x00000205a8000000)
  region size 32768K, 1 young (32768K), 1 survivors (32768K)
 Metaspace       used 14862K, committed 15040K, reserved 1064960K
  class space    used 1384K, committed 1472K, reserved 1048576K
}
Event: 11.396 GC heap before
{Heap before GC invocations=12 (full 0):
 garbage-first heap   total 16941056K, used 11373118K [0x000001e6a8000000, 0x00000205a8000000)
  region size 32768K, 2 young (65536K), 1 survivors (32768K)
 Metaspace       used 14875K, committed 15040K, reserved 1064960K
  class space    used 1384K, committed 1472K, reserved 1048576K
}

