# JRE version: OpenJDK Runtime Environment (16.0.1+9) (build 16.0.1+9-24)
# Java VM: OpenJDK 64-Bit Server VM (16.0.1+9-24, mixed mode, tiered, compressed class ptrs, g1 gc, windows-amd64)
GC Precious Log:
 CPUs: 12 total, 12 available
 Memory: 8099M
 Large Page Support: Disabled
 NUMA Support: Disabled
 Compressed Oops: Disabled
 Heap Region Size: 32M
 Heap Min Capacity: 32M
 Heap Initial Capacity: 128M
 Heap Max Capacity: 248G
 Pre-touch: Disabled
 Parallel Workers: 10
 Concurrent Workers: 3
 Concurrent Refinement Workers: 10
 Periodic GC: Disabled
Heap:
 garbage-first heap   total 2588672K, used 1288654K [0x000001b4c8000000, 0x000001f2c8000000)
  region size 32768K, 1 young (32768K), 1 survivors (32768K)
 Metaspace       used 15143K, committed 15296K, reserved 1064960K
  class space    used 1383K, committed 1472K, reserved 1048576K
GC Heap History (19 events):
Event: 0.443 GC heap before
{Heap before GC invocations=0 (full 0):
 garbage-first heap   total 131072K, used 0K [0x000001b4c8000000, 0x000001f2c8000000)
  region size 32768K, 1 young (32768K), 0 survivors (0K)
 Metaspace       used 11397K, committed 11584K, reserved 1064960K
  class space    used 970K, committed 1024K, reserved 1048576K
}
Event: 0.450 GC heap after
{Heap after GC invocations=1 (full 0):
 garbage-first heap   total 131072K, used 18224K [0x000001b4c8000000, 0x000001f2c8000000)
  region size 32768K, 1 young (32768K), 1 survivors (32768K)
 Metaspace       used 11397K, committed 11584K, reserved 1064960K
  class space    used 970K, committed 1024K, reserved 1048576K
}
Event: 19.675 GC heap before
{Heap before GC invocations=1 (full 0):
 garbage-first heap   total 131072K, used 18224K [0x000001b4c8000000, 0x000001f2c8000000)
  region size 32768K, 2 young (65536K), 1 survivors (32768K)
 Metaspace       used 15122K, committed 15296K, reserved 1064960K
  class space    used 1383K, committed 1472K, reserved 1048576K
}
Event: 19.681 GC heap after
{Heap after GC invocations=2 (full 0):
 garbage-first heap   total 131072K, used 10843K [0x000001b4c8000000, 0x000001f2c8000000)
  region size 32768K, 1 young (32768K), 1 survivors (32768K)
 Metaspace       used 15122K, committed 15296K, reserved 1064960K
  class space    used 1383K, committed 1472K, reserved 1048576K
}
Event: 19.703 GC heap before
{Heap before GC invocations=2 (full 0):
 garbage-first heap   total 163840K, used 109147K [0x000001b4c8000000, 0x000001f2c8000000)
  region size 32768K, 1 young (32768K), 1 survivors (32768K)
 Metaspace       used 15123K, committed 15296K, reserved 1064960K
  class space    used 1383K, committed 1472K, reserved 1048576K
}
Event: 19.716 GC heap after
{Heap after GC invocations=3 (full 0):
 garbage-first heap   total 196608K, used 109054K [0x000001b4c8000000, 0x000001f2c8000000)
  region size 32768K, 1 young (32768K), 1 survivors (32768K)
 Metaspace       used 15123K, committed 15296K, reserved 1064960K
  class space    used 1383K, committed 1472K, reserved 1048576K
}
Event: 19.735 GC heap before
{Heap before GC invocations=3 (full 0):
 garbage-first heap   total 196608K, used 109054K [0x000001b4c8000000, 0x000001f2c8000000)
  region size 32768K, 2 young (65536K), 1 survivors (32768K)
 Metaspace       used 15126K, committed 15296K, reserved 1064960K
  class space    used 1383K, committed 1472K, reserved 1048576K
}
Event: 19.742 GC heap after
{Heap after GC invocations=4 (full 0):
 garbage-first heap   total 229376K, used 108977K [0x000001b4c8000000, 0x000001f2c8000000)
  region size 32768K, 1 young (32768K), 1 survivors (32768K)
 Metaspace       used 15126K, committed 15296K, reserved 1064960K
  class space    used 1383K, committed 1472K, reserved 1048576K
}
Event: 19.836 GC heap before
{Heap before GC invocations=5 (full 0):
 garbage-first heap   total 524288K, used 403889K [0x000001b4c8000000, 0x000001f2c8000000)
  region size 32768K, 1 young (32768K), 1 survivors (32768K)
 Metaspace       used 15126K, committed 15296K, reserved 1064960K
  class space    used 1383K, committed 1472K, reserved 1048576K
}
Event: 19.840 GC heap after
{Heap after GC invocations=6 (full 0):
 garbage-first heap   total 524288K, used 412148K [0x000001b4c8000000, 0x000001f2c8000000)
  region size 32768K, 1 young (32768K), 1 survivors (32768K)
 Metaspace       used 15126K, committed 15296K, reserved 1064960K
  class space    used 1383K, committed 1472K, reserved 1048576K
}
Event: 19.927 GC heap before
{Heap before GC invocations=7 (full 0):
 garbage-first heap   total 950272K, used 707060K [0x000001b4c8000000, 0x000001f2c8000000)
  region size 32768K, 1 young (32768K), 1 survivors (32768K)
 Metaspace       used 15126K, committed 15296K, reserved 1064960K
  class space    used 1383K, committed 1472K, reserved 1048576K
}
Event: 19.932 GC heap after
{Heap after GC invocations=8 (full 0):
 garbage-first heap   total 950272K, used 698822K [0x000001b4c8000000, 0x000001f2c8000000)
  region size 32768K, 1 young (32768K), 1 survivors (32768K)
 Metaspace       used 15126K, committed 15296K, reserved 1064960K
  class space    used 1383K, committed 1472K, reserved 1048576K
}
Event: 19.977 GC heap before
{Heap before GC invocations=9 (full 0):
 garbage-first heap   total 1441792K, used 895430K [0x000001b4c8000000, 0x000001f2c8000000)
  region size 32768K, 2 young (65536K), 1 survivors (32768K)
 Metaspace       used 15139K, committed 15296K, reserved 1064960K
  class space    used 1383K, committed 1472K, reserved 1048576K
}
Event: 19.982 GC heap after
{Heap after GC invocations=10 (full 0):
 garbage-first heap   total 1441792K, used 895449K [0x000001b4c8000000, 0x000001f2c8000000)
  region size 32768K, 1 young (32768K), 1 survivors (32768K)
 Metaspace       used 15139K, committed 15296K, reserved 1064960K
  class space    used 1383K, committed 1472K, reserved 1048576K
}
Event: 20.072 GC heap before
{Heap before GC invocations=11 (full 0):
 garbage-first heap   total 1769472K, used 1190361K [0x000001b4c8000000, 0x000001f2c8000000)
  region size 32768K, 1 young (32768K), 1 survivors (32768K)
 Metaspace       used 15139K, committed 15296K, reserved 1064960K
  class space    used 1383K, committed 1472K, reserved 1048576K
}
Event: 20.077 GC heap after
{Heap after GC invocations=12 (full 0):
 garbage-first heap   total 1769472K, used 1190335K [0x000001b4c8000000, 0x000001f2c8000000)
  region size 32768K, 1 young (32768K), 1 survivors (32768K)
 Metaspace       used 15139K, committed 15296K, reserved 1064960K
  class space    used 1383K, committed 1472K, reserved 1048576K
}
Event: 20.270 GC heap before
{Heap before GC invocations=13 (full 0):
 garbage-first heap   total 2260992K, used 1386943K [0x000001b4c8000000, 0x000001f2c8000000)
  region size 32768K, 2 young (65536K), 1 survivors (32768K)
 Metaspace       used 15142K, committed 15296K, reserved 1064960K
  class space    used 1383K, committed 1472K, reserved 1048576K
}
Event: 20.275 GC heap after
{Heap after GC invocations=14 (full 0):
 garbage-first heap   total 2260992K, used 1386963K [0x000001b4c8000000, 0x000001f2c8000000)
  region size 32768K, 1 young (32768K), 1 survivors (32768K)
 Metaspace       used 15142K, committed 15296K, reserved 1064960K
  class space    used 1383K, committed 1472K, reserved 1048576K
}
Event: 20.439 GC heap before
{Heap before GC invocations=15 (full 0):
 garbage-first heap   total 2588672K, used 1485267K [0x000001b4c8000000, 0x000001f2c8000000)
  region size 32768K, 2 young (65536K), 1 survivors (32768K)
 Metaspace       used 15143K, committed 15296K, reserved 1064960K
  class space    used 1383K, committed 1472K, reserved 1048576K
}

