# JRE version: OpenJDK Runtime Environment (16.0.1+9) (build 16.0.1+9-24)
# Java VM: OpenJDK 64-Bit Server VM (16.0.1+9-24, mixed mode, tiered, compressed class ptrs, g1 gc, windows-amd64)
GC Precious Log:
 CPUs: 12 total, 12 available
 Memory: 8099M
 Large Page Support: Disabled
 NUMA Support: Disabled
 Compressed Oops: Disabled
 Heap Region Size: 32M
 Heap Min Capacity: 32M
 Heap Initial Capacity: 128M
 Heap Max Capacity: 64G
 Pre-touch: Disabled
 Parallel Workers: 10
 Concurrent Workers: 3
 Concurrent Refinement Workers: 10
 Periodic GC: Disabled
Heap:
 garbage-first heap   total 21102592K, used 16353848K [0x000001ed68000000, 0x000001fd68000000)
  region size 32768K, 1 young (32768K), 1 survivors (32768K)
 Metaspace       used 14851K, committed 15040K, reserved 1064960K
  class space    used 1383K, committed 1472K, reserved 1048576K
GC Heap History (18 events):
Event: 0.249 GC heap before
{Heap before GC invocations=0 (full 0):
 garbage-first heap   total 131072K, used 0K [0x000001ed68000000, 0x000001fd68000000)
  region size 32768K, 1 young (32768K), 0 survivors (0K)
 Metaspace       used 11139K, committed 11264K, reserved 1064960K
  class space    used 956K, committed 1024K, reserved 1048576K
}
Event: 0.251 GC heap after
{Heap after GC invocations=1 (full 0):
 garbage-first heap   total 131072K, used 1799K [0x000001ed68000000, 0x000001fd68000000)
  region size 32768K, 1 young (32768K), 1 survivors (32768K)
 Metaspace       used 11139K, committed 11264K, reserved 1064960K
  class space    used 956K, committed 1024K, reserved 1048576K
}
Event: 2.556 GC heap before
{Heap before GC invocations=1 (full 0):
 garbage-first heap   total 262144K, used 165639K [0x000001ed68000000, 0x000001fd68000000)
  region size 32768K, 2 young (65536K), 1 survivors (32768K)
 Metaspace       used 11395K, committed 11584K, reserved 1064960K
  class space    used 972K, committed 1024K, reserved 1048576K
}
Event: 2.558 GC heap after
{Heap after GC invocations=2 (full 0):
 garbage-first heap   total 262144K, used 165771K [0x000001ed68000000, 0x000001fd68000000)
  region size 32768K, 1 young (32768K), 1 survivors (32768K)
 Metaspace       used 11395K, committed 11584K, reserved 1064960K
  class space    used 972K, committed 1024K, reserved 1048576K
}
Event: 2.613 GC heap before
{Heap before GC invocations=3 (full 0):
 garbage-first heap   total 622592K, used 329611K [0x000001ed68000000, 0x000001fd68000000)
  region size 32768K, 2 young (65536K), 1 survivors (32768K)
 Metaspace       used 11395K, committed 11584K, reserved 1064960K
  class space    used 972K, committed 1024K, reserved 1048576K
}
Event: 2.615 GC heap after
{Heap after GC invocations=4 (full 0):
 garbage-first heap   total 622592K, used 329602K [0x000001ed68000000, 0x000001fd68000000)
  region size 32768K, 1 young (32768K), 1 survivors (32768K)
 Metaspace       used 11395K, committed 11584K, reserved 1064960K
  class space    used 972K, committed 1024K, reserved 1048576K
}
Event: 5.982 GC heap before
{Heap before GC invocations=5 (full 0):
 garbage-first heap   total 884736K, used 493442K [0x000001ed68000000, 0x000001fd68000000)
  region size 32768K, 2 young (65536K), 1 survivors (32768K)
 Metaspace       used 14835K, committed 15040K, reserved 1064960K
  class space    used 1383K, committed 1472K, reserved 1048576K
}
Event: 5.984 GC heap after
{Heap after GC invocations=6 (full 0):
 garbage-first heap   total 884736K, used 166437K [0x000001ed68000000, 0x000001fd68000000)
  region size 32768K, 1 young (32768K), 1 survivors (32768K)
 Metaspace       used 14835K, committed 15040K, reserved 1064960K
  class space    used 1383K, committed 1472K, reserved 1048576K
}
Event: 6.485 GC heap before
{Heap before GC invocations=6 (full 0):
 garbage-first heap   total 2097152K, used 1411621K [0x000001ed68000000, 0x000001fd68000000)
  region size 32768K, 2 young (65536K), 1 survivors (32768K)
 Metaspace       used 14838K, committed 15040K, reserved 1064960K
  class space    used 1383K, committed 1472K, reserved 1048576K
}
Event: 6.487 GC heap after
{Heap after GC invocations=7 (full 0):
 garbage-first heap   total 2097152K, used 1411574K [0x000001ed68000000, 0x000001fd68000000)
  region size 32768K, 1 young (32768K), 1 survivors (32768K)
 Metaspace       used 14838K, committed 15040K, reserved 1064960K
  class space    used 1383K, committed 1472K, reserved 1048576K
}
Event: 7.681 GC heap before
{Heap before GC invocations=8 (full 0):
 garbage-first heap   total 5832704K, used 5147126K [0x000001ed68000000, 0x000001fd68000000)
  region size 32768K, 2 young (65536K), 1 survivors (32768K)
 Metaspace       used 14838K, committed 15040K, reserved 1064960K
  class space    used 1383K, committed 1472K, reserved 1048576K
}
Event: 7.685 GC heap after
{Heap after GC invocations=9 (full 0):
 garbage-first heap   total 5832704K, used 5147198K [0x000001ed68000000, 0x000001fd68000000)
  region size 32768K, 1 young (32768K), 1 survivors (32768K)
 Metaspace       used 14838K, committed 15040K, reserved 1064960K
  class space    used 1383K, committed 1472K, reserved 1048576K
}
Event: 10.796 GC heap before
{Heap before GC invocations=10 (full 0):
 garbage-first heap   total 10715136K, used 8882750K [0x000001ed68000000, 0x000001fd68000000)
  region size 32768K, 2 young (65536K), 1 survivors (32768K)
 Metaspace       used 14838K, committed 15040K, reserved 1064960K
  class space    used 1383K, committed 1472K, reserved 1048576K
}
Event: 10.798 GC heap after
{Heap after GC invocations=11 (full 0):
 garbage-first heap   total 10715136K, used 8882750K [0x000001ed68000000, 0x000001fd68000000)
  region size 32768K, 1 young (32768K), 1 survivors (32768K)
 Metaspace       used 14838K, committed 15040K, reserved 1064960K
  class space    used 1383K, committed 1472K, reserved 1048576K
}
Event: 12.316 GC heap before
{Heap before GC invocations=12 (full 0):
 garbage-first heap   total 16941056K, used 11373118K [0x000001ed68000000, 0x000001fd68000000)
  region size 32768K, 2 young (65536K), 1 survivors (32768K)
 Metaspace       used 14851K, committed 15040K, reserved 1064960K
  class space    used 1383K, committed 1472K, reserved 1048576K
}
Event: 12.318 GC heap after
{Heap after GC invocations=13 (full 0):
 garbage-first heap   total 16941056K, used 11373132K [0x000001ed68000000, 0x000001fd68000000)
  region size 32768K, 1 young (32768K), 1 survivors (32768K)
 Metaspace       used 14851K, committed 15040K, reserved 1064960K
  class space    used 1383K, committed 1472K, reserved 1048576K
}
Event: 14.418 GC heap before
{Heap before GC invocations=14 (full 0):
 garbage-first heap   total 21102592K, used 15108684K [0x000001ed68000000, 0x000001fd68000000)
  region size 32768K, 1 young (32768K), 1 survivors (32768K)
 Metaspace       used 14851K, committed 15040K, reserved 1064960K
  class space    used 1383K, committed 1472K, reserved 1048576K
}
Event: 14.427 GC heap after
{Heap after GC invocations=15 (full 0):
 garbage-first heap   total 21102592K, used 15108664K [0x000001ed68000000, 0x000001fd68000000)
  region size 32768K, 1 young (32768K), 1 survivors (32768K)
 Metaspace       used 14851K, committed 15040K, reserved 1064960K
  class space    used 1383K, committed 1472K, reserved 1048576K
}

