# JRE version: OpenJDK Runtime Environment (16.0.1+9) (build 16.0.1+9-24)
# Java VM: OpenJDK 64-Bit Server VM (16.0.1+9-24, mixed mode, tiered, compressed class ptrs, g1 gc, windows-amd64)
GC Precious Log:
 CPUs: 12 total, 12 available
 Memory: 8099M
 Large Page Support: Disabled
 NUMA Support: Disabled
 Compressed Oops: Disabled
 Heap Region Size: 32M
 Heap Min Capacity: 32M
 Heap Initial Capacity: 128M
 Heap Max Capacity: 248G
 Pre-touch: Disabled
 Parallel Workers: 10
 Concurrent Workers: 3
 Concurrent Refinement Workers: 10
 Periodic GC: Disabled
Heap:
 garbage-first heap   total 2588672K, used 1288656K [0x0000027074000000, 0x000002ae74000000)
  region size 32768K, 1 young (32768K), 1 survivors (32768K)
 Metaspace       used 15160K, committed 15296K, reserved 1064960K
  class space    used 1383K, committed 1472K, reserved 1048576K
GC Heap History (19 events):
Event: 0.423 GC heap before
{Heap before GC invocations=0 (full 0):
 garbage-first heap   total 131072K, used 0K [0x0000027074000000, 0x000002ae74000000)
  region size 32768K, 1 young (32768K), 0 survivors (0K)
 Metaspace       used 11400K, committed 11584K, reserved 1064960K
  class space    used 970K, committed 1024K, reserved 1048576K
}
Event: 0.430 GC heap after
{Heap after GC invocations=1 (full 0):
 garbage-first heap   total 131072K, used 18213K [0x0000027074000000, 0x000002ae74000000)
  region size 32768K, 1 young (32768K), 1 survivors (32768K)
 Metaspace       used 11400K, committed 11584K, reserved 1064960K
  class space    used 970K, committed 1024K, reserved 1048576K
}
Event: 25.493 GC heap before
{Heap before GC invocations=1 (full 0):
 garbage-first heap   total 131072K, used 18213K [0x0000027074000000, 0x000002ae74000000)
  region size 32768K, 2 young (65536K), 1 survivors (32768K)
 Metaspace       used 15138K, committed 15296K, reserved 1064960K
  class space    used 1383K, committed 1472K, reserved 1048576K
}
Event: 25.499 GC heap after
{Heap after GC invocations=2 (full 0):
 garbage-first heap   total 131072K, used 10886K [0x0000027074000000, 0x000002ae74000000)
  region size 32768K, 1 young (32768K), 1 survivors (32768K)
 Metaspace       used 15138K, committed 15296K, reserved 1064960K
  class space    used 1383K, committed 1472K, reserved 1048576K
}
Event: 25.521 GC heap before
{Heap before GC invocations=2 (full 0):
 garbage-first heap   total 163840K, used 109190K [0x0000027074000000, 0x000002ae74000000)
  region size 32768K, 1 young (32768K), 1 survivors (32768K)
 Metaspace       used 15138K, committed 15296K, reserved 1064960K
  class space    used 1383K, committed 1472K, reserved 1048576K
}
Event: 25.525 GC heap after
{Heap after GC invocations=3 (full 0):
 garbage-first heap   total 196608K, used 109052K [0x0000027074000000, 0x000002ae74000000)
  region size 32768K, 1 young (32768K), 1 survivors (32768K)
 Metaspace       used 15138K, committed 15296K, reserved 1064960K
  class space    used 1383K, committed 1472K, reserved 1048576K
}
Event: 25.545 GC heap before
{Heap before GC invocations=3 (full 0):
 garbage-first heap   total 196608K, used 109052K [0x0000027074000000, 0x000002ae74000000)
  region size 32768K, 2 young (65536K), 1 survivors (32768K)
 Metaspace       used 15142K, committed 15296K, reserved 1064960K
  class space    used 1383K, committed 1472K, reserved 1048576K
}
Event: 25.550 GC heap after
{Heap after GC invocations=4 (full 0):
 garbage-first heap   total 229376K, used 109002K [0x0000027074000000, 0x000002ae74000000)
  region size 32768K, 1 young (32768K), 1 survivors (32768K)
 Metaspace       used 15142K, committed 15296K, reserved 1064960K
  class space    used 1383K, committed 1472K, reserved 1048576K
}
Event: 25.639 GC heap before
{Heap before GC invocations=5 (full 0):
 garbage-first heap   total 524288K, used 403914K [0x0000027074000000, 0x000002ae74000000)
  region size 32768K, 1 young (32768K), 1 survivors (32768K)
 Metaspace       used 15142K, committed 15296K, reserved 1064960K
  class space    used 1383K, committed 1472K, reserved 1048576K
}
Event: 25.642 GC heap after
{Heap after GC invocations=6 (full 0):
 garbage-first heap   total 524288K, used 403911K [0x0000027074000000, 0x000002ae74000000)
  region size 32768K, 1 young (32768K), 1 survivors (32768K)
 Metaspace       used 15142K, committed 15296K, reserved 1064960K
  class space    used 1383K, committed 1472K, reserved 1048576K
}
Event: 25.728 GC heap before
{Heap before GC invocations=7 (full 0):
 garbage-first heap   total 950272K, used 698823K [0x0000027074000000, 0x000002ae74000000)
  region size 32768K, 1 young (32768K), 1 survivors (32768K)
 Metaspace       used 15142K, committed 15296K, reserved 1064960K
  class space    used 1383K, committed 1472K, reserved 1048576K
}
Event: 25.733 GC heap after
{Heap after GC invocations=8 (full 0):
 garbage-first heap   total 950272K, used 698802K [0x0000027074000000, 0x000002ae74000000)
  region size 32768K, 1 young (32768K), 1 survivors (32768K)
 Metaspace       used 15142K, committed 15296K, reserved 1064960K
  class space    used 1383K, committed 1472K, reserved 1048576K
}
Event: 25.809 GC heap before
{Heap before GC invocations=9 (full 0):
 garbage-first heap   total 1441792K, used 993714K [0x0000027074000000, 0x000002ae74000000)
  region size 32768K, 2 young (65536K), 1 survivors (32768K)
 Metaspace       used 15155K, committed 15296K, reserved 1064960K
  class space    used 1383K, committed 1472K, reserved 1048576K
}
Event: 25.813 GC heap after
{Heap after GC invocations=10 (full 0):
 garbage-first heap   total 1441792K, used 993756K [0x0000027074000000, 0x000002ae74000000)
  region size 32768K, 1 young (32768K), 1 survivors (32768K)
 Metaspace       used 15155K, committed 15296K, reserved 1064960K
  class space    used 1383K, committed 1472K, reserved 1048576K
}
Event: 25.885 GC heap before
{Heap before GC invocations=11 (full 0):
 garbage-first heap   total 1933312K, used 1288668K [0x0000027074000000, 0x000002ae74000000)
  region size 32768K, 2 young (65536K), 1 survivors (32768K)
 Metaspace       used 15156K, committed 15296K, reserved 1064960K
  class space    used 1383K, committed 1472K, reserved 1048576K
}
Event: 25.890 GC heap after
{Heap after GC invocations=12 (full 0):
 garbage-first heap   total 1933312K, used 1288666K [0x0000027074000000, 0x000002ae74000000)
  region size 32768K, 1 young (32768K), 1 survivors (32768K)
 Metaspace       used 15156K, committed 15296K, reserved 1064960K
  class space    used 1383K, committed 1472K, reserved 1048576K
}
Event: 26.049 GC heap before
{Heap before GC invocations=13 (full 0):
 garbage-first heap   total 2424832K, used 1386970K [0x0000027074000000, 0x000002ae74000000)
  region size 32768K, 1 young (32768K), 1 survivors (32768K)
 Metaspace       used 15158K, committed 15296K, reserved 1064960K
  class space    used 1383K, committed 1472K, reserved 1048576K
}
Event: 26.054 GC heap after
{Heap after GC invocations=14 (full 0):
 garbage-first heap   total 2424832K, used 1386968K [0x0000027074000000, 0x000002ae74000000)
  region size 32768K, 1 young (32768K), 1 survivors (32768K)
 Metaspace       used 15158K, committed 15296K, reserved 1064960K
  class space    used 1383K, committed 1472K, reserved 1048576K
}
Event: 26.201 GC heap before
{Heap before GC invocations=15 (full 0):
 garbage-first heap   total 2588672K, used 1485272K [0x0000027074000000, 0x000002ae74000000)
  region size 32768K, 2 young (65536K), 1 survivors (32768K)
 Metaspace       used 15160K, committed 15296K, reserved 1064960K
  class space    used 1383K, committed 1472K, reserved 1048576K
}

