# JRE version: OpenJDK Runtime Environment (16.0.1+9) (build 16.0.1+9-24)
# Java VM: OpenJDK 64-Bit Server VM (16.0.1+9-24, mixed mode, tiered, compressed class ptrs, g1 gc, windows-amd64)
GC Precious Log:
 CPUs: 12 total, 12 available
 Memory: 8099M
 Large Page Support: Disabled
 NUMA Support: Disabled
 Compressed Oops: Disabled
 Heap Region Size: 32M
 Heap Min Capacity: 32M
 Heap Initial Capacity: 128M
 Heap Max Capacity: 128G
 Pre-touch: Disabled
 Parallel Workers: 10
 Concurrent Workers: 3
 Concurrent Refinement Workers: 10
 Periodic GC: Disabled
Heap:
 garbage-first heap   total 2588672K, used 1296863K [0x0000021ff8000000, 0x0000023ff8000000)
  region size 32768K, 1 young (32768K), 1 survivors (32768K)
 Metaspace       used 15149K, committed 15296K, reserved 1064960K
  class space    used 1382K, committed 1472K, reserved 1048576K
GC Heap History (19 events):
Event: 0.467 GC heap before
{Heap before GC invocations=0 (full 0):
 garbage-first heap   total 131072K, used 0K [0x0000021ff8000000, 0x0000023ff8000000)
  region size 32768K, 1 young (32768K), 0 survivors (0K)
 Metaspace       used 11398K, committed 11584K, reserved 1064960K
  class space    used 970K, committed 1024K, reserved 1048576K
}
Event: 0.474 GC heap after
{Heap after GC invocations=1 (full 0):
 garbage-first heap   total 131072K, used 18215K [0x0000021ff8000000, 0x0000023ff8000000)
  region size 32768K, 1 young (32768K), 1 survivors (32768K)
 Metaspace       used 11398K, committed 11584K, reserved 1064960K
  class space    used 970K, committed 1024K, reserved 1048576K
}
Event: 29.569 GC heap before
{Heap before GC invocations=1 (full 0):
 garbage-first heap   total 131072K, used 18215K [0x0000021ff8000000, 0x0000023ff8000000)
  region size 32768K, 2 young (65536K), 1 survivors (32768K)
 Metaspace       used 15128K, committed 15296K, reserved 1064960K
  class space    used 1382K, committed 1472K, reserved 1048576K
}
Event: 29.576 GC heap after
{Heap after GC invocations=2 (full 0):
 garbage-first heap   total 131072K, used 10800K [0x0000021ff8000000, 0x0000023ff8000000)
  region size 32768K, 1 young (32768K), 1 survivors (32768K)
 Metaspace       used 15128K, committed 15296K, reserved 1064960K
  class space    used 1382K, committed 1472K, reserved 1048576K
}
Event: 29.593 GC heap before
{Heap before GC invocations=2 (full 0):
 garbage-first heap   total 163840K, used 109104K [0x0000021ff8000000, 0x0000023ff8000000)
  region size 32768K, 1 young (32768K), 1 survivors (32768K)
 Metaspace       used 15128K, committed 15296K, reserved 1064960K
  class space    used 1382K, committed 1472K, reserved 1048576K
}
Event: 29.599 GC heap after
{Heap after GC invocations=3 (full 0):
 garbage-first heap   total 196608K, used 117285K [0x0000021ff8000000, 0x0000023ff8000000)
  region size 32768K, 1 young (32768K), 1 survivors (32768K)
 Metaspace       used 15128K, committed 15296K, reserved 1064960K
  class space    used 1382K, committed 1472K, reserved 1048576K
}
Event: 29.618 GC heap before
{Heap before GC invocations=3 (full 0):
 garbage-first heap   total 196608K, used 117285K [0x0000021ff8000000, 0x0000023ff8000000)
  region size 32768K, 2 young (65536K), 1 survivors (32768K)
 Metaspace       used 15131K, committed 15296K, reserved 1064960K
  class space    used 1382K, committed 1472K, reserved 1048576K
}
Event: 29.623 GC heap after
{Heap after GC invocations=4 (full 0):
 garbage-first heap   total 229376K, used 117246K [0x0000021ff8000000, 0x0000023ff8000000)
  region size 32768K, 1 young (32768K), 1 survivors (32768K)
 Metaspace       used 15131K, committed 15296K, reserved 1064960K
  class space    used 1382K, committed 1472K, reserved 1048576K
}
Event: 29.806 GC heap before
{Heap before GC invocations=5 (full 0):
 garbage-first heap   total 524288K, used 412158K [0x0000021ff8000000, 0x0000023ff8000000)
  region size 32768K, 1 young (32768K), 1 survivors (32768K)
 Metaspace       used 15132K, committed 15296K, reserved 1064960K
  class space    used 1382K, committed 1472K, reserved 1048576K
}
Event: 29.808 GC heap after
{Heap after GC invocations=6 (full 0):
 garbage-first heap   total 524288K, used 412153K [0x0000021ff8000000, 0x0000023ff8000000)
  region size 32768K, 1 young (32768K), 1 survivors (32768K)
 Metaspace       used 15132K, committed 15296K, reserved 1064960K
  class space    used 1382K, committed 1472K, reserved 1048576K
}
Event: 30.029 GC heap before
{Heap before GC invocations=7 (full 0):
 garbage-first heap   total 950272K, used 707065K [0x0000021ff8000000, 0x0000023ff8000000)
  region size 32768K, 1 young (32768K), 1 survivors (32768K)
 Metaspace       used 15132K, committed 15296K, reserved 1064960K
  class space    used 1382K, committed 1472K, reserved 1048576K
}
Event: 30.034 GC heap after
{Heap after GC invocations=8 (full 0):
 garbage-first heap   total 950272K, used 707060K [0x0000021ff8000000, 0x0000023ff8000000)
  region size 32768K, 1 young (32768K), 1 survivors (32768K)
 Metaspace       used 15132K, committed 15296K, reserved 1064960K
  class space    used 1382K, committed 1472K, reserved 1048576K
}
Event: 30.203 GC heap before
{Heap before GC invocations=9 (full 0):
 garbage-first heap   total 1441792K, used 1001972K [0x0000021ff8000000, 0x0000023ff8000000)
  region size 32768K, 2 young (65536K), 1 survivors (32768K)
 Metaspace       used 15145K, committed 15296K, reserved 1064960K
  class space    used 1382K, committed 1472K, reserved 1048576K
}
Event: 30.209 GC heap after
{Heap after GC invocations=10 (full 0):
 garbage-first heap   total 1441792K, used 1001962K [0x0000021ff8000000, 0x0000023ff8000000)
  region size 32768K, 1 young (32768K), 1 survivors (32768K)
 Metaspace       used 15145K, committed 15296K, reserved 1064960K
  class space    used 1382K, committed 1472K, reserved 1048576K
}
Event: 30.358 GC heap before
{Heap before GC invocations=11 (full 0):
 garbage-first heap   total 1933312K, used 1296874K [0x0000021ff8000000, 0x0000023ff8000000)
  region size 32768K, 2 young (65536K), 1 survivors (32768K)
 Metaspace       used 15145K, committed 15296K, reserved 1064960K
  class space    used 1382K, committed 1472K, reserved 1048576K
}
Event: 30.363 GC heap after
{Heap after GC invocations=12 (full 0):
 garbage-first heap   total 1933312K, used 1288650K [0x0000021ff8000000, 0x0000023ff8000000)
  region size 32768K, 1 young (32768K), 1 survivors (32768K)
 Metaspace       used 15145K, committed 15296K, reserved 1064960K
  class space    used 1382K, committed 1472K, reserved 1048576K
}
Event: 30.601 GC heap before
{Heap before GC invocations=13 (full 0):
 garbage-first heap   total 2424832K, used 1386954K [0x0000021ff8000000, 0x0000023ff8000000)
  region size 32768K, 1 young (32768K), 1 survivors (32768K)
 Metaspace       used 15147K, committed 15296K, reserved 1064960K
  class space    used 1382K, committed 1472K, reserved 1048576K
}
Event: 30.606 GC heap after
{Heap after GC invocations=14 (full 0):
 garbage-first heap   total 2424832K, used 1386967K [0x0000021ff8000000, 0x0000023ff8000000)
  region size 32768K, 1 young (32768K), 1 survivors (32768K)
 Metaspace       used 15147K, committed 15296K, reserved 1064960K
  class space    used 1382K, committed 1472K, reserved 1048576K
}
Event: 30.787 GC heap before
{Heap before GC invocations=15 (full 0):
 garbage-first heap   total 2588672K, used 1485271K [0x0000021ff8000000, 0x0000023ff8000000)
  region size 32768K, 2 young (65536K), 1 survivors (32768K)
 Metaspace       used 15149K, committed 15296K, reserved 1064960K
  class space    used 1382K, committed 1472K, reserved 1048576K
}

