# JRE version: Java(TM) SE Runtime Environment (8.0_271-b09) (build 1.8.0_271-b09)
# Java VM: Java HotSpot(TM) 64-Bit Server VM (25.271-b09 mixed mode windows-amd64 )
Heap:
 PSYoungGen      total 70656K, used 53879K [0x0000022276b00000, 0x0000022280b80000, 0x00000227cc000000)
  eden space 65536K, 82% used [0x0000022276b00000,0x0000022279f9ddf8,0x000002227ab00000)
  from space 5120K, 0% used [0x000002227ab00000,0x000002227ab00000,0x000002227b000000)
  to   space 16896K, 0% used [0x000002227fb00000,0x000002227fb00000,0x0000022280b80000)
 ParOldGen       total 155648K, used 149043K [0x00000217cc000000, 0x00000217d5800000, 0x0000022276b00000)
  object space 155648K, 95% used [0x00000217cc000000,0x00000217d518cc00,0x00000217d5800000)
 Metaspace       used 16258K, capacity 16643K, committed 16896K, reserved 18432K
GC Heap History (10 events):
Event: 24.307 GC heap before
{Heap before GC invocations=12 (full 7):
 PSYoungGen      total 70656K, used 62004K [0x0000022276b00000, 0x0000022280b80000, 0x00000227cc000000)
  eden space 65536K, 94% used [0x0000022276b00000,0x000002227a78d258,0x000002227ab00000)
  from space 5120K, 0% used [0x000002227ab00000,0x000002227ab00000,0x000002227b000000)
  to   space 16896K, 0% used [0x000002227fb00000,0x000002227fb00000,0x0000022280b80000)
 ParOldGen       total 155648K, used 149042K [0x00000217cc000000, 0x00000217d5800000, 0x0000022276b00000)
  object space 155648K, 95% used [0x00000217cc000000,0x00000217d518cba0,0x00000217d5800000)
 Metaspace       used 15795K, capacity 16195K, committed 16384K, reserved 16384K
Event: 24.323 GC heap after
Heap after GC invocations=12 (full 7):
 PSYoungGen      total 70656K, used 36750K [0x0000022276b00000, 0x0000022280b80000, 0x00000227cc000000)
  eden space 65536K, 56% used [0x0000022276b00000,0x0000022278ee3808,0x000002227ab00000)
  from space 5120K, 0% used [0x000002227ab00000,0x000002227ab00000,0x000002227b000000)
  to   space 16896K, 0% used [0x000002227fb00000,0x000002227fb00000,0x0000022280b80000)
 ParOldGen       total 155648K, used 149042K [0x00000217cc000000, 0x00000217d5800000, 0x0000022276b00000)
  object space 155648K, 95% used [0x00000217cc000000,0x00000217d518cba0,0x00000217d5800000)
 Metaspace       used 15795K, capacity 16195K, committed 16384K, reserved 16384K
}
Event: 24.397 GC heap before
{Heap before GC invocations=13 (full 8):
 PSYoungGen      total 70656K, used 65536K [0x0000022276b00000, 0x0000022280b80000, 0x00000227cc000000)
  eden space 65536K, 100% used [0x0000022276b00000,0x000002227ab00000,0x000002227ab00000)
  from space 5120K, 0% used [0x000002227ab00000,0x000002227ab00000,0x000002227b000000)
  to   space 16896K, 0% used [0x000002227fb00000,0x000002227fb00000,0x0000022280b80000)
 ParOldGen       total 155648K, used 149042K [0x00000217cc000000, 0x00000217d5800000, 0x0000022276b00000)
  object space 155648K, 95% used [0x00000217cc000000,0x00000217d518cba0,0x00000217d5800000)
 Metaspace       used 15797K, capacity 16195K, committed 16384K, reserved 16384K
Event: 24.418 GC heap after
Heap after GC invocations=13 (full 8):
 PSYoungGen      total 70656K, used 0K [0x0000022276b00000, 0x0000022280b80000, 0x00000227cc000000)
  eden space 65536K, 0% used [0x0000022276b00000,0x0000022276b00000,0x000002227ab00000)
  from space 5120K, 0% used [0x000002227ab00000,0x000002227ab00000,0x000002227b000000)
  to   space 16896K, 0% used [0x000002227fb00000,0x000002227fb00000,0x0000022280b80000)
 ParOldGen       total 155648K, used 149042K [0x00000217cc000000, 0x00000217d5800000, 0x0000022276b00000)
  object space 155648K, 95% used [0x00000217cc000000,0x00000217d518cbb0,0x00000217d5800000)
 Metaspace       used 15797K, capacity 16195K, committed 16384K, reserved 16384K
}
Event: 24.463 GC heap before
{Heap before GC invocations=14 (full 9):
 PSYoungGen      total 70656K, used 65536K [0x0000022276b00000, 0x0000022280b80000, 0x00000227cc000000)
  eden space 65536K, 100% used [0x0000022276b00000,0x000002227ab00000,0x000002227ab00000)
  from space 5120K, 0% used [0x000002227ab00000,0x000002227ab00000,0x000002227b000000)
  to   space 16896K, 0% used [0x000002227fb00000,0x000002227fb00000,0x0000022280b80000)
 ParOldGen       total 155648K, used 149042K [0x00000217cc000000, 0x00000217d5800000, 0x0000022276b00000)
  object space 155648K, 95% used [0x00000217cc000000,0x00000217d518cbb0,0x00000217d5800000)
 Metaspace       used 15797K, capacity 16195K, committed 16384K, reserved 16384K
Event: 24.473 GC heap after
Heap after GC invocations=14 (full 9):
 PSYoungGen      total 70656K, used 0K [0x0000022276b00000, 0x0000022280b80000, 0x00000227cc000000)
  eden space 65536K, 0% used [0x0000022276b00000,0x0000022276b00000,0x000002227ab00000)
  from space 5120K, 0% used [0x000002227ab00000,0x000002227ab00000,0x000002227b000000)
  to   space 16896K, 0% used [0x000002227fb00000,0x000002227fb00000,0x0000022280b80000)
 ParOldGen       total 155648K, used 149042K [0x00000217cc000000, 0x00000217d5800000, 0x0000022276b00000)
  object space 155648K, 95% used [0x00000217cc000000,0x00000217d518cbb0,0x00000217d5800000)
 Metaspace       used 15797K, capacity 16195K, committed 16384K, reserved 16384K
}
Event: 24.498 GC heap before
{Heap before GC invocations=15 (full 10):
 PSYoungGen      total 70656K, used 65536K [0x0000022276b00000, 0x0000022280b80000, 0x00000227cc000000)
  eden space 65536K, 100% used [0x0000022276b00000,0x000002227ab00000,0x000002227ab00000)
  from space 5120K, 0% used [0x000002227ab00000,0x000002227ab00000,0x000002227b000000)
  to   space 16896K, 0% used [0x000002227fb00000,0x000002227fb00000,0x0000022280b80000)
 ParOldGen       total 155648K, used 149042K [0x00000217cc000000, 0x00000217d5800000, 0x0000022276b00000)
  object space 155648K, 95% used [0x00000217cc000000,0x00000217d518cbb0,0x00000217d5800000)
 Metaspace       used 15797K, capacity 16195K, committed 16384K, reserved 16384K
Event: 24.509 GC heap after
Heap after GC invocations=15 (full 10):
 PSYoungGen      total 70656K, used 0K [0x0000022276b00000, 0x0000022280b80000, 0x00000227cc000000)
  eden space 65536K, 0% used [0x0000022276b00000,0x0000022276b00000,0x000002227ab00000)
  from space 5120K, 0% used [0x000002227ab00000,0x000002227ab00000,0x000002227b000000)
  to   space 16896K, 0% used [0x000002227fb00000,0x000002227fb00000,0x0000022280b80000)
 ParOldGen       total 155648K, used 149042K [0x00000217cc000000, 0x00000217d5800000, 0x0000022276b00000)
  object space 155648K, 95% used [0x00000217cc000000,0x00000217d518cb80,0x00000217d5800000)
 Metaspace       used 15797K, capacity 16195K, committed 16384K, reserved 16384K
}
Event: 24.535 GC heap before
{Heap before GC invocations=16 (full 11):
 PSYoungGen      total 70656K, used 65536K [0x0000022276b00000, 0x0000022280b80000, 0x00000227cc000000)
  eden space 65536K, 100% used [0x0000022276b00000,0x000002227ab00000,0x000002227ab00000)
  from space 5120K, 0% used [0x000002227ab00000,0x000002227ab00000,0x000002227b000000)
  to   space 16896K, 0% used [0x000002227fb00000,0x000002227fb00000,0x0000022280b80000)
 ParOldGen       total 155648K, used 149042K [0x00000217cc000000, 0x00000217d5800000, 0x0000022276b00000)
  object space 155648K, 95% used [0x00000217cc000000,0x00000217d518cb80,0x00000217d5800000)
 Metaspace       used 15797K, capacity 16195K, committed 16384K, reserved 16384K
Event: 24.545 GC heap after
Heap after GC invocations=16 (full 11):
 PSYoungGen      total 70656K, used 0K [0x0000022276b00000, 0x0000022280b80000, 0x00000227cc000000)
  eden space 65536K, 0% used [0x0000022276b00000,0x0000022276b00000,0x000002227ab00000)
  from space 5120K, 0% used [0x000002227ab00000,0x000002227ab00000,0x000002227b000000)
  to   space 16896K, 0% used [0x000002227fb00000,0x000002227fb00000,0x0000022280b80000)
 ParOldGen       total 155648K, used 149043K [0x00000217cc000000, 0x00000217d5800000, 0x0000022276b00000)
  object space 155648K, 95% used [0x00000217cc000000,0x00000217d518cc00,0x00000217d5800000)
 Metaspace       used 15797K, capacity 16195K, committed 16384K, reserved 16384K
}

