# JRE version: OpenJDK Runtime Environment (16.0.1+9) (build 16.0.1+9-Ubuntu-120.04)
# Java VM: OpenJDK 64-Bit Server VM (16.0.1+9-Ubuntu-120.04, mixed mode, sharing, tiered, compressed class ptrs, g1 gc, linux-amd64)
GC Precious Log:
 CPUs: 4 total, 4 available
 Memory: 3837M
 Large Page Support: Disabled
 NUMA Support: Disabled
 Compressed Oops: Disabled
 Heap Region Size: 32M
 Heap Min Capacity: 32M
 Heap Initial Capacity: 64M
 Heap Max Capacity: 64G
 Pre-touch: Disabled
 Parallel Workers: 4
 Concurrent Workers: 1
 Concurrent Refinement Workers: 4
 Periodic GC: Disabled
Heap:
 garbage-first heap   total 2260992K, used 1254900K [0x00007f2fd0000000, 0x00007f3fd0000000)
  region size 32768K, 1 young (32768K), 1 survivors (32768K)
 Metaspace       used 17658K, committed 17856K, reserved 1064960K
  class space    used 1750K, committed 1856K, reserved 1048576K
GC Heap History (20 events):
Event: 40.397 GC heap after
{Heap after GC invocations=12 (full 0):
 garbage-first heap   total 589824K, used 319942K [0x00007f2fd0000000, 0x00007f3fd0000000)
  region size 32768K, 1 young (32768K), 1 survivors (32768K)
 Metaspace       used 15668K, committed 15872K, reserved 1064960K
  class space    used 1593K, committed 1728K, reserved 1048576K
}
Event: 84.548 GC heap before
{Heap before GC invocations=13 (full 0):
 garbage-first heap   total 720896K, used 451014K [0x00007f2fd0000000, 0x00007f3fd0000000)
  region size 32768K, 4 young (131072K), 1 survivors (32768K)
 Metaspace       used 16617K, committed 16832K, reserved 1064960K
  class space    used 1703K, committed 1792K, reserved 1048576K
}
Event: 84.576 GC heap after
{Heap after GC invocations=14 (full 0):
 garbage-first heap   total 720896K, used 318803K [0x00007f2fd0000000, 0x00007f3fd0000000)
  region size 32768K, 1 young (32768K), 1 survivors (32768K)
 Metaspace       used 16617K, committed 16832K, reserved 1064960K
  class space    used 1703K, committed 1792K, reserved 1048576K
}
Event: 84.617 GC heap before
{Heap before GC invocations=14 (full 0):
 garbage-first heap   total 720896K, used 417107K [0x00007f2fd0000000, 0x00007f3fd0000000)
  region size 32768K, 5 young (163840K), 1 survivors (32768K)
 Metaspace       used 16631K, committed 16832K, reserved 1064960K
  class space    used 1703K, committed 1792K, reserved 1048576K
}
Event: 84.665 GC heap after
{Heap after GC invocations=15 (full 0):
 garbage-first heap   total 720896K, used 384260K [0x00007f2fd0000000, 0x00007f3fd0000000)
  region size 32768K, 1 young (32768K), 1 survivors (32768K)
 Metaspace       used 16631K, committed 16832K, reserved 1064960K
  class space    used 1703K, committed 1792K, reserved 1048576K
}
Event: 84.988 GC heap before
{Heap before GC invocations=15 (full 0):
 garbage-first heap   total 720896K, used 417028K [0x00007f2fd0000000, 0x00007f3fd0000000)
  region size 32768K, 3 young (98304K), 1 survivors (32768K)
 Metaspace       used 16636K, committed 16832K, reserved 1064960K
  class space    used 1703K, committed 1792K, reserved 1048576K
}
Event: 85.012 GC heap after
{Heap after GC invocations=16 (full 0):
 garbage-first heap   total 720896K, used 417028K [0x00007f2fd0000000, 0x00007f3fd0000000)
  region size 32768K, 1 young (32768K), 1 survivors (32768K)
 Metaspace       used 16636K, committed 16832K, reserved 1064960K
  class space    used 1703K, committed 1792K, reserved 1048576K
}
Event: 85.450 GC heap before
{Heap before GC invocations=17 (full 0):
 garbage-first heap   total 786432K, used 449796K [0x00007f2fd0000000, 0x00007f3fd0000000)
  region size 32768K, 3 young (98304K), 1 survivors (32768K)
 Metaspace       used 16638K, committed 16832K, reserved 1064960K
  class space    used 1703K, committed 1792K, reserved 1048576K
}
Event: 85.490 GC heap after
{Heap after GC invocations=18 (full 0):
 garbage-first heap   total 786432K, used 449798K [0x00007f2fd0000000, 0x00007f3fd0000000)
  region size 32768K, 1 young (32768K), 1 survivors (32768K)
 Metaspace       used 16638K, committed 16832K, reserved 1064960K
  class space    used 1703K, committed 1792K, reserved 1048576K
}
Event: 85.633 GC heap before
{Heap before GC invocations=18 (full 0):
 garbage-first heap   total 786432K, used 449798K [0x00007f2fd0000000, 0x00007f3fd0000000)
  region size 32768K, 2 young (65536K), 1 survivors (32768K)
 Metaspace       used 16638K, committed 16832K, reserved 1064960K
  class space    used 1703K, committed 1792K, reserved 1048576K
}
Event: 85.679 GC heap after
{Heap after GC invocations=19 (full 0):
 garbage-first heap   total 1802240K, used 435122K [0x00007f2fd0000000, 0x00007f3fd0000000)
  region size 32768K, 1 young (32768K), 1 survivors (32768K)
 Metaspace       used 16638K, committed 16832K, reserved 1064960K
  class space    used 1703K, committed 1792K, reserved 1048576K
}
Event: 86.319 GC heap before
{Heap before GC invocations=19 (full 0):
 garbage-first heap   total 1802240K, used 664498K [0x00007f2fd0000000, 0x00007f3fd0000000)
  region size 32768K, 8 young (262144K), 1 survivors (32768K)
 Metaspace       used 17032K, committed 17280K, reserved 1064960K
  class space    used 1735K, committed 1856K, reserved 1048576K
}
Event: 86.337 GC heap after
{Heap after GC invocations=20 (full 0):
 garbage-first heap   total 1802240K, used 442667K [0x00007f2fd0000000, 0x00007f3fd0000000)
  region size 32768K, 1 young (32768K), 1 survivors (32768K)
 Metaspace       used 17032K, committed 17280K, reserved 1064960K
  class space    used 1735K, committed 1856K, reserved 1048576K
}
Event: 126.055 GC heap before
{Heap before GC invocations=20 (full 0):
 garbage-first heap   total 1802240K, used 442667K [0x00007f2fd0000000, 0x00007f3fd0000000)
  region size 32768K, 3 young (98304K), 1 survivors (32768K)
 Metaspace       used 17637K, committed 17856K, reserved 1064960K
  class space    used 1750K, committed 1856K, reserved 1048576K
}
Event: 126.072 GC heap after
{Heap after GC invocations=21 (full 0):
 garbage-first heap   total 1802240K, used 464912K [0x00007f2fd0000000, 0x00007f3fd0000000)
  region size 32768K, 2 young (65536K), 2 survivors (65536K)
 Metaspace       used 17637K, committed 17856K, reserved 1064960K
  class space    used 1750K, committed 1856K, reserved 1048576K
}
Event: 131.278 GC heap before
{Heap before GC invocations=21 (full 0):
 garbage-first heap   total 1802240K, used 1742864K [0x00007f2fd0000000, 0x00007f3fd0000000)
  region size 32768K, 17 young (557056K), 2 survivors (65536K)
 Metaspace       used 17643K, committed 17856K, reserved 1064960K
  class space    used 1750K, committed 1856K, reserved 1048576K
}
Event: 131.365 GC heap after
{Heap after GC invocations=22 (full 0):
 garbage-first heap   total 1835008K, used 1255066K [0x00007f2fd0000000, 0x00007f3fd0000000)
  region size 32768K, 2 young (65536K), 2 survivors (65536K)
 Metaspace       used 17643K, committed 17856K, reserved 1064960K
  class space    used 1750K, committed 1856K, reserved 1048576K
}
Event: 132.467 GC heap before
{Heap before GC invocations=22 (full 0):
 garbage-first heap   total 1835008K, used 1418906K [0x00007f2fd0000000, 0x00007f3fd0000000)
  region size 32768K, 8 young (262144K), 2 survivors (65536K)
 Metaspace       used 17643K, committed 17856K, reserved 1064960K
  class space    used 1750K, committed 1856K, reserved 1048576K
}
Event: 132.481 GC heap after
{Heap after GC invocations=23 (full 0):
 garbage-first heap   total 1835008K, used 1254774K [0x00007f2fd0000000, 0x00007f3fd0000000)
  region size 32768K, 1 young (32768K), 1 survivors (32768K)
 Metaspace       used 17643K, committed 17856K, reserved 1064960K
  class space    used 1750K, committed 1856K, reserved 1048576K
}
Event: 197.738 GC heap before
{Heap before GC invocations=24 (full 0):
 garbage-first heap   total 2260992K, used 1451382K [0x00007f2fd0000000, 0x00007f3fd0000000)
  region size 32768K, 7 young (229376K), 1 survivors (32768K)
 Metaspace       used 17658K, committed 17856K, reserved 1064960K
  class space    used 1750K, committed 1856K, reserved 1048576K
}

