# JRE version: OpenJDK Runtime Environment (16.0.1+9) (build 16.0.1+9-24)
# Java VM: OpenJDK 64-Bit Server VM (16.0.1+9-24, mixed mode, tiered, compressed class ptrs, g1 gc, windows-amd64)
GC Precious Log:
 CPUs: 12 total, 12 available
 Memory: 8099M
 Large Page Support: Disabled
 NUMA Support: Disabled
 Compressed Oops: Disabled
 Heap Region Size: 32M
 Heap Min Capacity: 32M
 Heap Initial Capacity: 128M
 Heap Max Capacity: 124G
 Pre-touch: Disabled
 Parallel Workers: 10
 Concurrent Workers: 3
 Concurrent Refinement Workers: 10
 Periodic GC: Disabled
Heap:
 garbage-first heap   total 21102592K, used 16353856K [0x0000023b28000000, 0x0000025a28000000)
  region size 32768K, 1 young (32768K), 1 survivors (32768K)
 Metaspace       used 14873K, committed 15040K, reserved 1064960K
  class space    used 1383K, committed 1472K, reserved 1048576K
GC Heap History (18 events):
Event: 0.278 GC heap before
{Heap before GC invocations=0 (full 0):
 garbage-first heap   total 131072K, used 0K [0x0000023b28000000, 0x0000025a28000000)
  region size 32768K, 1 young (32768K), 0 survivors (0K)
 Metaspace       used 11142K, committed 11264K, reserved 1064960K
  class space    used 958K, committed 1024K, reserved 1048576K
}
Event: 0.279 GC heap after
{Heap after GC invocations=1 (full 0):
 garbage-first heap   total 131072K, used 1804K [0x0000023b28000000, 0x0000025a28000000)
  region size 32768K, 1 young (32768K), 1 survivors (32768K)
 Metaspace       used 11142K, committed 11264K, reserved 1064960K
  class space    used 958K, committed 1024K, reserved 1048576K
}
Event: 2.549 GC heap before
{Heap before GC invocations=1 (full 0):
 garbage-first heap   total 262144K, used 165644K [0x0000023b28000000, 0x0000025a28000000)
  region size 32768K, 2 young (65536K), 1 survivors (32768K)
 Metaspace       used 11400K, committed 11520K, reserved 1064960K
  class space    used 974K, committed 1024K, reserved 1048576K
}
Event: 2.551 GC heap after
{Heap after GC invocations=2 (full 0):
 garbage-first heap   total 262144K, used 165736K [0x0000023b28000000, 0x0000025a28000000)
  region size 32768K, 1 young (32768K), 1 survivors (32768K)
 Metaspace       used 11400K, committed 11520K, reserved 1064960K
  class space    used 974K, committed 1024K, reserved 1048576K
}
Event: 2.601 GC heap before
{Heap before GC invocations=3 (full 0):
 garbage-first heap   total 622592K, used 329576K [0x0000023b28000000, 0x0000025a28000000)
  region size 32768K, 2 young (65536K), 1 survivors (32768K)
 Metaspace       used 11400K, committed 11520K, reserved 1064960K
  class space    used 974K, committed 1024K, reserved 1048576K
}
Event: 2.603 GC heap after
{Heap after GC invocations=4 (full 0):
 garbage-first heap   total 622592K, used 329609K [0x0000023b28000000, 0x0000025a28000000)
  region size 32768K, 1 young (32768K), 1 survivors (32768K)
 Metaspace       used 11400K, committed 11520K, reserved 1064960K
  class space    used 974K, committed 1024K, reserved 1048576K
}
Event: 6.384 GC heap before
{Heap before GC invocations=5 (full 0):
 garbage-first heap   total 884736K, used 493449K [0x0000023b28000000, 0x0000025a28000000)
  region size 32768K, 2 young (65536K), 1 survivors (32768K)
 Metaspace       used 14857K, committed 15040K, reserved 1064960K
  class space    used 1383K, committed 1472K, reserved 1048576K
}
Event: 6.386 GC heap after
{Heap after GC invocations=6 (full 0):
 garbage-first heap   total 884736K, used 166483K [0x0000023b28000000, 0x0000025a28000000)
  region size 32768K, 1 young (32768K), 1 survivors (32768K)
 Metaspace       used 14857K, committed 15040K, reserved 1064960K
  class space    used 1383K, committed 1472K, reserved 1048576K
}
Event: 6.894 GC heap before
{Heap before GC invocations=6 (full 0):
 garbage-first heap   total 2097152K, used 1411667K [0x0000023b28000000, 0x0000025a28000000)
  region size 32768K, 2 young (65536K), 1 survivors (32768K)
 Metaspace       used 14861K, committed 15040K, reserved 1064960K
  class space    used 1383K, committed 1472K, reserved 1048576K
}
Event: 6.896 GC heap after
{Heap after GC invocations=7 (full 0):
 garbage-first heap   total 2097152K, used 1411701K [0x0000023b28000000, 0x0000025a28000000)
  region size 32768K, 1 young (32768K), 1 survivors (32768K)
 Metaspace       used 14861K, committed 15040K, reserved 1064960K
  class space    used 1383K, committed 1472K, reserved 1048576K
}
Event: 8.568 GC heap before
{Heap before GC invocations=8 (full 0):
 garbage-first heap   total 5832704K, used 5147253K [0x0000023b28000000, 0x0000025a28000000)
  region size 32768K, 2 young (65536K), 1 survivors (32768K)
 Metaspace       used 14861K, committed 15040K, reserved 1064960K
  class space    used 1383K, committed 1472K, reserved 1048576K
}
Event: 8.569 GC heap after
{Heap after GC invocations=9 (full 0):
 garbage-first heap   total 5832704K, used 5147148K [0x0000023b28000000, 0x0000025a28000000)
  region size 32768K, 1 young (32768K), 1 survivors (32768K)
 Metaspace       used 14861K, committed 15040K, reserved 1064960K
  class space    used 1383K, committed 1472K, reserved 1048576K
}
Event: 11.175 GC heap before
{Heap before GC invocations=10 (full 0):
 garbage-first heap   total 10715136K, used 8882700K [0x0000023b28000000, 0x0000025a28000000)
  region size 32768K, 1 young (32768K), 1 survivors (32768K)
 Metaspace       used 14861K, committed 15040K, reserved 1064960K
  class space    used 1383K, committed 1472K, reserved 1048576K
}
Event: 11.183 GC heap after
{Heap after GC invocations=11 (full 0):
 garbage-first heap   total 10715136K, used 8882674K [0x0000023b28000000, 0x0000025a28000000)
  region size 32768K, 1 young (32768K), 1 survivors (32768K)
 Metaspace       used 14861K, committed 15040K, reserved 1064960K
  class space    used 1383K, committed 1472K, reserved 1048576K
}
Event: 12.628 GC heap before
{Heap before GC invocations=12 (full 0):
 garbage-first heap   total 16941056K, used 11373042K [0x0000023b28000000, 0x0000025a28000000)
  region size 32768K, 2 young (65536K), 1 survivors (32768K)
 Metaspace       used 14873K, committed 15040K, reserved 1064960K
  class space    used 1383K, committed 1472K, reserved 1048576K
}
Event: 12.631 GC heap after
{Heap after GC invocations=13 (full 0):
 garbage-first heap   total 16941056K, used 11373085K [0x0000023b28000000, 0x0000025a28000000)
  region size 32768K, 1 young (32768K), 1 survivors (32768K)
 Metaspace       used 14873K, committed 15040K, reserved 1064960K
  class space    used 1383K, committed 1472K, reserved 1048576K
}
Event: 15.027 GC heap before
{Heap before GC invocations=14 (full 0):
 garbage-first heap   total 21102592K, used 15108637K [0x0000023b28000000, 0x0000025a28000000)
  region size 32768K, 1 young (32768K), 1 survivors (32768K)
 Metaspace       used 14873K, committed 15040K, reserved 1064960K
  class space    used 1383K, committed 1472K, reserved 1048576K
}
Event: 15.031 GC heap after
{Heap after GC invocations=15 (full 0):
 garbage-first heap   total 21102592K, used 15108672K [0x0000023b28000000, 0x0000025a28000000)
  region size 32768K, 1 young (32768K), 1 survivors (32768K)
 Metaspace       used 14873K, committed 15040K, reserved 1064960K
  class space    used 1383K, committed 1472K, reserved 1048576K
}

