# JRE version: Java(TM) SE Runtime Environment (8.0_271-b09) (build 1.8.0_271-b09)
# Java VM: Java HotSpot(TM) 64-Bit Server VM (25.271-b09 mixed mode windows-amd64 )
Heap:
 PSYoungGen      total 83968K, used 9011K [0x000001cca8f00000, 0x000001ccaf500000, 0x000001d1fe400000)
  eden space 77312K, 11% used [0x000001cca8f00000,0x000001cca97ccf38,0x000001ccada80000)
  from space 6656K, 0% used [0x000001ccae000000,0x000001ccae000000,0x000001ccae680000)
  to   space 5632K, 0% used [0x000001ccada80000,0x000001ccada80000,0x000001ccae000000)
 ParOldGen       total 2938880K, used 2864281K [0x000001c1fe400000, 0x000001c2b1a00000, 0x000001cca8f00000)
  object space 2938880K, 97% used [0x000001c1fe400000,0x000001c2ad126720,0x000001c2b1a00000)
 Metaspace       used 15800K, capacity 16160K, committed 16384K, reserved 16384K
GC Heap History (10 events):
Event: 20.436 GC heap before
{Heap before GC invocations=19 (full 1):
 PSYoungGen      total 76288K, used 0K [0x000001cca8f00000, 0x000001ccae680000, 0x000001d1fe400000)
  eden space 69632K, 0% used [0x000001cca8f00000,0x000001cca8f00000,0x000001ccad300000)
  from space 6656K, 0% used [0x000001ccad980000,0x000001ccad980000,0x000001ccae000000)
  to   space 6656K, 0% used [0x000001ccae000000,0x000001ccae000000,0x000001ccae680000)
 ParOldGen       total 2938880K, used 2865531K [0x000001c1fe400000, 0x000001c2b1a00000, 0x000001cca8f00000)
  object space 2938880K, 97% used [0x000001c1fe400000,0x000001c2ad25ec00,0x000001c2b1a00000)
 Metaspace       used 15764K, capacity 16131K, committed 16384K, reserved 16384K
Event: 20.443 GC heap after
Heap after GC invocations=19 (full 1):
 PSYoungGen      total 83456K, used 0K [0x000001cca8f00000, 0x000001ccaf900000, 0x000001d1fe400000)
  eden space 76800K, 0% used [0x000001cca8f00000,0x000001cca8f00000,0x000001ccada00000)
  from space 6656K, 0% used [0x000001ccae000000,0x000001ccae000000,0x000001ccae680000)
  to   space 6144K, 0% used [0x000001ccada00000,0x000001ccada00000,0x000001ccae000000)
 ParOldGen       total 2938880K, used 2865531K [0x000001c1fe400000, 0x000001c2b1a00000, 0x000001cca8f00000)
  object space 2938880K, 97% used [0x000001c1fe400000,0x000001c2ad25ec00,0x000001c2b1a00000)
 Metaspace       used 15764K, capacity 16131K, committed 16384K, reserved 16384K
}
Event: 20.443 GC heap before
{Heap before GC invocations=20 (full 1):
 PSYoungGen      total 83456K, used 0K [0x000001cca8f00000, 0x000001ccaf900000, 0x000001d1fe400000)
  eden space 76800K, 0% used [0x000001cca8f00000,0x000001cca8f00000,0x000001ccada00000)
  from space 6656K, 0% used [0x000001ccae000000,0x000001ccae000000,0x000001ccae680000)
  to   space 6144K, 0% used [0x000001ccada00000,0x000001ccada00000,0x000001ccae000000)
 ParOldGen       total 2938880K, used 2865531K [0x000001c1fe400000, 0x000001c2b1a00000, 0x000001cca8f00000)
  object space 2938880K, 97% used [0x000001c1fe400000,0x000001c2ad25ec00,0x000001c2b1a00000)
 Metaspace       used 15764K, capacity 16131K, committed 16384K, reserved 16384K
Event: 20.449 GC heap after
Heap after GC invocations=20 (full 1):
 PSYoungGen      total 82944K, used 0K [0x000001cca8f00000, 0x000001ccaf900000, 0x000001d1fe400000)
  eden space 76800K, 0% used [0x000001cca8f00000,0x000001cca8f00000,0x000001ccada00000)
  from space 6144K, 0% used [0x000001ccada00000,0x000001ccada00000,0x000001ccae000000)
  to   space 6656K, 0% used [0x000001ccae000000,0x000001ccae000000,0x000001ccae680000)
 ParOldGen       total 2938880K, used 2865531K [0x000001c1fe400000, 0x000001c2b1a00000, 0x000001cca8f00000)
  object space 2938880K, 97% used [0x000001c1fe400000,0x000001c2ad25ec00,0x000001c2b1a00000)
 Metaspace       used 15764K, capacity 16131K, committed 16384K, reserved 16384K
}
Event: 20.449 GC heap before
{Heap before GC invocations=21 (full 2):
 PSYoungGen      total 82944K, used 0K [0x000001cca8f00000, 0x000001ccaf900000, 0x000001d1fe400000)
  eden space 76800K, 0% used [0x000001cca8f00000,0x000001cca8f00000,0x000001ccada00000)
  from space 6144K, 0% used [0x000001ccada00000,0x000001ccada00000,0x000001ccae000000)
  to   space 6656K, 0% used [0x000001ccae000000,0x000001ccae000000,0x000001ccae680000)
 ParOldGen       total 2938880K, used 2865531K [0x000001c1fe400000, 0x000001c2b1a00000, 0x000001cca8f00000)
  object space 2938880K, 97% used [0x000001c1fe400000,0x000001c2ad25ec00,0x000001c2b1a00000)
 Metaspace       used 15764K, capacity 16131K, committed 16384K, reserved 16384K
Event: 20.898 GC heap after
Heap after GC invocations=21 (full 2):
 PSYoungGen      total 82944K, used 0K [0x000001cca8f00000, 0x000001ccaf900000, 0x000001d1fe400000)
  eden space 76800K, 0% used [0x000001cca8f00000,0x000001cca8f00000,0x000001ccada00000)
  from space 6144K, 0% used [0x000001ccada00000,0x000001ccada00000,0x000001ccae000000)
  to   space 6656K, 0% used [0x000001ccae000000,0x000001ccae000000,0x000001ccae680000)
 ParOldGen       total 2938880K, used 2864685K [0x000001c1fe400000, 0x000001c2b1a00000, 0x000001cca8f00000)
  object space 2938880K, 97% used [0x000001c1fe400000,0x000001c2ad18b428,0x000001c2b1a00000)
 Metaspace       used 15764K, capacity 16131K, committed 16384K, reserved 16384K
}
Event: 20.898 GC heap before
{Heap before GC invocations=22 (full 2):
 PSYoungGen      total 82944K, used 0K [0x000001cca8f00000, 0x000001ccaf900000, 0x000001d1fe400000)
  eden space 76800K, 0% used [0x000001cca8f00000,0x000001cca8f00000,0x000001ccada00000)
  from space 6144K, 0% used [0x000001ccada00000,0x000001ccada00000,0x000001ccae000000)
  to   space 6656K, 0% used [0x000001ccae000000,0x000001ccae000000,0x000001ccae680000)
 ParOldGen       total 2938880K, used 2864685K [0x000001c1fe400000, 0x000001c2b1a00000, 0x000001cca8f00000)
  object space 2938880K, 97% used [0x000001c1fe400000,0x000001c2ad18b428,0x000001c2b1a00000)
 Metaspace       used 15764K, capacity 16131K, committed 16384K, reserved 16384K
Event: 20.902 GC heap after
Heap after GC invocations=22 (full 2):
 PSYoungGen      total 83968K, used 0K [0x000001cca8f00000, 0x000001ccaf500000, 0x000001d1fe400000)
  eden space 77312K, 0% used [0x000001cca8f00000,0x000001cca8f00000,0x000001ccada80000)
  from space 6656K, 0% used [0x000001ccae000000,0x000001ccae000000,0x000001ccae680000)
  to   space 5632K, 0% used [0x000001ccada80000,0x000001ccada80000,0x000001ccae000000)
 ParOldGen       total 2938880K, used 2864685K [0x000001c1fe400000, 0x000001c2b1a00000, 0x000001cca8f00000)
  object space 2938880K, 97% used [0x000001c1fe400000,0x000001c2ad18b428,0x000001c2b1a00000)
 Metaspace       used 15764K, capacity 16131K, committed 16384K, reserved 16384K
}
Event: 20.902 GC heap before
{Heap before GC invocations=23 (full 3):
 PSYoungGen      total 83968K, used 0K [0x000001cca8f00000, 0x000001ccaf500000, 0x000001d1fe400000)
  eden space 77312K, 0% used [0x000001cca8f00000,0x000001cca8f00000,0x000001ccada80000)
  from space 6656K, 0% used [0x000001ccae000000,0x000001ccae000000,0x000001ccae680000)
  to   space 5632K, 0% used [0x000001ccada80000,0x000001ccada80000,0x000001ccae000000)
 ParOldGen       total 2938880K, used 2864685K [0x000001c1fe400000, 0x000001c2b1a00000, 0x000001cca8f00000)
  object space 2938880K, 97% used [0x000001c1fe400000,0x000001c2ad18b428,0x000001c2b1a00000)
 Metaspace       used 15764K, capacity 16131K, committed 16384K, reserved 16384K
Event: 21.281 GC heap after
Heap after GC invocations=23 (full 3):
 PSYoungGen      total 83968K, used 0K [0x000001cca8f00000, 0x000001ccaf500000, 0x000001d1fe400000)
  eden space 77312K, 0% used [0x000001cca8f00000,0x000001cca8f00000,0x000001ccada80000)
  from space 6656K, 0% used [0x000001ccae000000,0x000001ccae000000,0x000001ccae680000)
  to   space 5632K, 0% used [0x000001ccada80000,0x000001ccada80000,0x000001ccae000000)
 ParOldGen       total 2938880K, used 2864281K [0x000001c1fe400000, 0x000001c2b1a00000, 0x000001cca8f00000)
  object space 2938880K, 97% used [0x000001c1fe400000,0x000001c2ad126720,0x000001c2b1a00000)
 Metaspace       used 15751K, capacity 16096K, committed 16384K, reserved 16384K
}

