# JRE version: OpenJDK Runtime Environment (16.0.1+9) (build 16.0.1+9-24)
# Java VM: OpenJDK 64-Bit Server VM (16.0.1+9-24, mixed mode, tiered, compressed class ptrs, g1 gc, windows-amd64)
GC Precious Log:
 CPUs: 12 total, 12 available
 Memory: 8099M
 Large Page Support: Disabled
 NUMA Support: Disabled
 Compressed Oops: Disabled
 Heap Region Size: 32M
 Heap Min Capacity: 32M
 Heap Initial Capacity: 128M
 Heap Max Capacity: 248G
 Pre-touch: Disabled
 Parallel Workers: 10
 Concurrent Workers: 3
 Concurrent Refinement Workers: 10
 Periodic GC: Disabled
Heap:
 garbage-first heap   total 2588672K, used 1288667K [0x0000013216000000, 0x0000017016000000)
  region size 32768K, 1 young (32768K), 1 survivors (32768K)
 Metaspace       used 15166K, committed 15296K, reserved 1064960K
  class space    used 1384K, committed 1472K, reserved 1048576K
GC Heap History (19 events):
Event: 0.483 GC heap before
{Heap before GC invocations=0 (full 0):
 garbage-first heap   total 131072K, used 0K [0x0000013216000000, 0x0000017016000000)
  region size 32768K, 1 young (32768K), 0 survivors (0K)
 Metaspace       used 11405K, committed 11584K, reserved 1064960K
  class space    used 970K, committed 1024K, reserved 1048576K
}
Event: 0.490 GC heap after
{Heap after GC invocations=1 (full 0):
 garbage-first heap   total 131072K, used 18215K [0x0000013216000000, 0x0000017016000000)
  region size 32768K, 1 young (32768K), 1 survivors (32768K)
 Metaspace       used 11405K, committed 11584K, reserved 1064960K
  class space    used 970K, committed 1024K, reserved 1048576K
}
Event: 26.315 GC heap before
{Heap before GC invocations=1 (full 0):
 garbage-first heap   total 131072K, used 18215K [0x0000013216000000, 0x0000017016000000)
  region size 32768K, 2 young (65536K), 1 survivors (32768K)
 Metaspace       used 15144K, committed 15296K, reserved 1064960K
  class space    used 1384K, committed 1472K, reserved 1048576K
}
Event: 26.321 GC heap after
{Heap after GC invocations=2 (full 0):
 garbage-first heap   total 131072K, used 10846K [0x0000013216000000, 0x0000017016000000)
  region size 32768K, 1 young (32768K), 1 survivors (32768K)
 Metaspace       used 15144K, committed 15296K, reserved 1064960K
  class space    used 1384K, committed 1472K, reserved 1048576K
}
Event: 26.344 GC heap before
{Heap before GC invocations=2 (full 0):
 garbage-first heap   total 163840K, used 109150K [0x0000013216000000, 0x0000017016000000)
  region size 32768K, 1 young (32768K), 1 survivors (32768K)
 Metaspace       used 15146K, committed 15296K, reserved 1064960K
  class space    used 1384K, committed 1472K, reserved 1048576K
}
Event: 26.348 GC heap after
{Heap after GC invocations=3 (full 0):
 garbage-first heap   total 196608K, used 117293K [0x0000013216000000, 0x0000017016000000)
  region size 32768K, 1 young (32768K), 1 survivors (32768K)
 Metaspace       used 15146K, committed 15296K, reserved 1064960K
  class space    used 1384K, committed 1472K, reserved 1048576K
}
Event: 26.367 GC heap before
{Heap before GC invocations=3 (full 0):
 garbage-first heap   total 196608K, used 117293K [0x0000013216000000, 0x0000017016000000)
  region size 32768K, 2 young (65536K), 1 survivors (32768K)
 Metaspace       used 15148K, committed 15296K, reserved 1064960K
  class space    used 1384K, committed 1472K, reserved 1048576K
}
Event: 26.372 GC heap after
{Heap after GC invocations=4 (full 0):
 garbage-first heap   total 229376K, used 109044K [0x0000013216000000, 0x0000017016000000)
  region size 32768K, 1 young (32768K), 1 survivors (32768K)
 Metaspace       used 15148K, committed 15296K, reserved 1064960K
  class space    used 1384K, committed 1472K, reserved 1048576K
}
Event: 26.456 GC heap before
{Heap before GC invocations=5 (full 0):
 garbage-first heap   total 524288K, used 403956K [0x0000013216000000, 0x0000017016000000)
  region size 32768K, 1 young (32768K), 1 survivors (32768K)
 Metaspace       used 15148K, committed 15296K, reserved 1064960K
  class space    used 1384K, committed 1472K, reserved 1048576K
}
Event: 26.460 GC heap after
{Heap after GC invocations=6 (full 0):
 garbage-first heap   total 524288K, used 403938K [0x0000013216000000, 0x0000017016000000)
  region size 32768K, 1 young (32768K), 1 survivors (32768K)
 Metaspace       used 15148K, committed 15296K, reserved 1064960K
  class space    used 1384K, committed 1472K, reserved 1048576K
}
Event: 26.537 GC heap before
{Heap before GC invocations=7 (full 0):
 garbage-first heap   total 950272K, used 698850K [0x0000013216000000, 0x0000017016000000)
  region size 32768K, 1 young (32768K), 1 survivors (32768K)
 Metaspace       used 15148K, committed 15296K, reserved 1064960K
  class space    used 1384K, committed 1472K, reserved 1048576K
}
Event: 26.543 GC heap after
{Heap after GC invocations=8 (full 0):
 garbage-first heap   total 950272K, used 707065K [0x0000013216000000, 0x0000017016000000)
  region size 32768K, 1 young (32768K), 1 survivors (32768K)
 Metaspace       used 15148K, committed 15296K, reserved 1064960K
  class space    used 1384K, committed 1472K, reserved 1048576K
}
Event: 26.634 GC heap before
{Heap before GC invocations=9 (full 0):
 garbage-first heap   total 1441792K, used 1001977K [0x0000013216000000, 0x0000017016000000)
  region size 32768K, 2 young (65536K), 1 survivors (32768K)
 Metaspace       used 15161K, committed 15296K, reserved 1064960K
  class space    used 1384K, committed 1472K, reserved 1048576K
}
Event: 26.640 GC heap after
{Heap after GC invocations=10 (full 0):
 garbage-first heap   total 1441792K, used 993755K [0x0000013216000000, 0x0000017016000000)
  region size 32768K, 1 young (32768K), 1 survivors (32768K)
 Metaspace       used 15161K, committed 15296K, reserved 1064960K
  class space    used 1384K, committed 1472K, reserved 1048576K
}
Event: 26.732 GC heap before
{Heap before GC invocations=11 (full 0):
 garbage-first heap   total 1933312K, used 1288667K [0x0000013216000000, 0x0000017016000000)
  region size 32768K, 2 young (65536K), 1 survivors (32768K)
 Metaspace       used 15162K, committed 15296K, reserved 1064960K
  class space    used 1384K, committed 1472K, reserved 1048576K
}
Event: 26.737 GC heap after
{Heap after GC invocations=12 (full 0):
 garbage-first heap   total 1933312K, used 1288685K [0x0000013216000000, 0x0000017016000000)
  region size 32768K, 1 young (32768K), 1 survivors (32768K)
 Metaspace       used 15162K, committed 15296K, reserved 1064960K
  class space    used 1384K, committed 1472K, reserved 1048576K
}
Event: 26.918 GC heap before
{Heap before GC invocations=13 (full 0):
 garbage-first heap   total 2424832K, used 1386989K [0x0000013216000000, 0x0000017016000000)
  region size 32768K, 1 young (32768K), 1 survivors (32768K)
 Metaspace       used 15164K, committed 15296K, reserved 1064960K
  class space    used 1384K, committed 1472K, reserved 1048576K
}
Event: 26.922 GC heap after
{Heap after GC invocations=14 (full 0):
 garbage-first heap   total 2424832K, used 1386971K [0x0000013216000000, 0x0000017016000000)
  region size 32768K, 1 young (32768K), 1 survivors (32768K)
 Metaspace       used 15164K, committed 15296K, reserved 1064960K
  class space    used 1384K, committed 1472K, reserved 1048576K
}
Event: 27.130 GC heap before
{Heap before GC invocations=15 (full 0):
 garbage-first heap   total 2588672K, used 1485275K [0x0000013216000000, 0x0000017016000000)
  region size 32768K, 2 young (65536K), 1 survivors (32768K)
 Metaspace       used 15166K, committed 15296K, reserved 1064960K
  class space    used 1384K, committed 1472K, reserved 1048576K
}

