# JRE version: OpenJDK Runtime Environment (16.0.1+9) (build 16.0.1+9-24)
# Java VM: OpenJDK 64-Bit Server VM (16.0.1+9-24, mixed mode, tiered, compressed class ptrs, g1 gc, windows-amd64)
GC Precious Log:
 CPUs: 12 total, 12 available
 Memory: 8099M
 Large Page Support: Disabled
 NUMA Support: Disabled
 Compressed Oops: Disabled
 Heap Region Size: 32M
 Heap Min Capacity: 32M
 Heap Initial Capacity: 128M
 Heap Max Capacity: 64G
 Pre-touch: Disabled
 Parallel Workers: 10
 Concurrent Workers: 3
 Concurrent Refinement Workers: 10
 Periodic GC: Disabled
Heap:
 garbage-first heap   total 21102592K, used 16353856K [0x0000024bf4000000, 0x0000025bf4000000)
  region size 32768K, 1 young (32768K), 1 survivors (32768K)
 Metaspace       used 15121K, committed 15296K, reserved 1064960K
  class space    used 1386K, committed 1472K, reserved 1048576K
GC Heap History (18 events):
Event: 0.205 GC heap before
{Heap before GC invocations=0 (full 0):
 garbage-first heap   total 131072K, used 0K [0x0000024bf4000000, 0x0000025bf4000000)
  region size 32768K, 1 young (32768K), 0 survivors (0K)
 Metaspace       used 11162K, committed 11264K, reserved 1064960K
  class space    used 957K, committed 1024K, reserved 1048576K
}
Event: 0.207 GC heap after
{Heap after GC invocations=1 (full 0):
 garbage-first heap   total 131072K, used 1808K [0x0000024bf4000000, 0x0000025bf4000000)
  region size 32768K, 1 young (32768K), 1 survivors (32768K)
 Metaspace       used 11162K, committed 11264K, reserved 1064960K
  class space    used 957K, committed 1024K, reserved 1048576K
}
Event: 2.429 GC heap before
{Heap before GC invocations=1 (full 0):
 garbage-first heap   total 262144K, used 165648K [0x0000024bf4000000, 0x0000025bf4000000)
  region size 32768K, 2 young (65536K), 1 survivors (32768K)
 Metaspace       used 11417K, committed 11584K, reserved 1064960K
  class space    used 972K, committed 1024K, reserved 1048576K
}
Event: 2.431 GC heap after
{Heap after GC invocations=2 (full 0):
 garbage-first heap   total 262144K, used 165702K [0x0000024bf4000000, 0x0000025bf4000000)
  region size 32768K, 1 young (32768K), 1 survivors (32768K)
 Metaspace       used 11417K, committed 11584K, reserved 1064960K
  class space    used 972K, committed 1024K, reserved 1048576K
}
Event: 2.481 GC heap before
{Heap before GC invocations=3 (full 0):
 garbage-first heap   total 622592K, used 329542K [0x0000024bf4000000, 0x0000025bf4000000)
  region size 32768K, 2 young (65536K), 1 survivors (32768K)
 Metaspace       used 11417K, committed 11584K, reserved 1064960K
  class space    used 972K, committed 1024K, reserved 1048576K
}
Event: 2.482 GC heap after
{Heap after GC invocations=4 (full 0):
 garbage-first heap   total 622592K, used 329594K [0x0000024bf4000000, 0x0000025bf4000000)
  region size 32768K, 1 young (32768K), 1 survivors (32768K)
 Metaspace       used 11417K, committed 11584K, reserved 1064960K
  class space    used 972K, committed 1024K, reserved 1048576K
}
Event: 20.093 GC heap before
{Heap before GC invocations=5 (full 0):
 garbage-first heap   total 884736K, used 493434K [0x0000024bf4000000, 0x0000025bf4000000)
  region size 32768K, 2 young (65536K), 1 survivors (32768K)
 Metaspace       used 15104K, committed 15296K, reserved 1064960K
  class space    used 1386K, committed 1472K, reserved 1048576K
}
Event: 20.096 GC heap after
{Heap after GC invocations=6 (full 0):
 garbage-first heap   total 884736K, used 166466K [0x0000024bf4000000, 0x0000025bf4000000)
  region size 32768K, 1 young (32768K), 1 survivors (32768K)
 Metaspace       used 15104K, committed 15296K, reserved 1064960K
  class space    used 1386K, committed 1472K, reserved 1048576K
}
Event: 20.603 GC heap before
{Heap before GC invocations=6 (full 0):
 garbage-first heap   total 2129920K, used 1411650K [0x0000024bf4000000, 0x0000025bf4000000)
  region size 32768K, 2 young (65536K), 1 survivors (32768K)
 Metaspace       used 15107K, committed 15296K, reserved 1064960K
  class space    used 1386K, committed 1472K, reserved 1048576K
}
Event: 20.604 GC heap after
{Heap after GC invocations=7 (full 0):
 garbage-first heap   total 2129920K, used 1411685K [0x0000024bf4000000, 0x0000025bf4000000)
  region size 32768K, 1 young (32768K), 1 survivors (32768K)
 Metaspace       used 15107K, committed 15296K, reserved 1064960K
  class space    used 1386K, committed 1472K, reserved 1048576K
}
Event: 21.559 GC heap before
{Heap before GC invocations=8 (full 0):
 garbage-first heap   total 5865472K, used 5147237K [0x0000024bf4000000, 0x0000025bf4000000)
  region size 32768K, 2 young (65536K), 1 survivors (32768K)
 Metaspace       used 15107K, committed 15296K, reserved 1064960K
  class space    used 1386K, committed 1472K, reserved 1048576K
}
Event: 21.562 GC heap after
{Heap after GC invocations=9 (full 0):
 garbage-first heap   total 5865472K, used 5147116K [0x0000024bf4000000, 0x0000025bf4000000)
  region size 32768K, 1 young (32768K), 1 survivors (32768K)
 Metaspace       used 15107K, committed 15296K, reserved 1064960K
  class space    used 1386K, committed 1472K, reserved 1048576K
}
Event: 24.495 GC heap before
{Heap before GC invocations=10 (full 0):
 garbage-first heap   total 10715136K, used 8882668K [0x0000024bf4000000, 0x0000025bf4000000)
  region size 32768K, 1 young (32768K), 1 survivors (32768K)
 Metaspace       used 15107K, committed 15296K, reserved 1064960K
  class space    used 1386K, committed 1472K, reserved 1048576K
}
Event: 24.502 GC heap after
{Heap after GC invocations=11 (full 0):
 garbage-first heap   total 10715136K, used 8882653K [0x0000024bf4000000, 0x0000025bf4000000)
  region size 32768K, 1 young (32768K), 1 survivors (32768K)
 Metaspace       used 15107K, committed 15296K, reserved 1064960K
  class space    used 1386K, committed 1472K, reserved 1048576K
}
Event: 25.535 GC heap before
{Heap before GC invocations=12 (full 0):
 garbage-first heap   total 16941056K, used 11373021K [0x0000024bf4000000, 0x0000025bf4000000)
  region size 32768K, 2 young (65536K), 1 survivors (32768K)
 Metaspace       used 15121K, committed 15296K, reserved 1064960K
  class space    used 1386K, committed 1472K, reserved 1048576K
}
Event: 25.537 GC heap after
{Heap after GC invocations=13 (full 0):
 garbage-first heap   total 16941056K, used 11373136K [0x0000024bf4000000, 0x0000025bf4000000)
  region size 32768K, 1 young (32768K), 1 survivors (32768K)
 Metaspace       used 15121K, committed 15296K, reserved 1064960K
  class space    used 1386K, committed 1472K, reserved 1048576K
}
Event: 27.361 GC heap before
{Heap before GC invocations=14 (full 0):
 garbage-first heap   total 21102592K, used 15108688K [0x0000024bf4000000, 0x0000025bf4000000)
  region size 32768K, 1 young (32768K), 1 survivors (32768K)
 Metaspace       used 15121K, committed 15296K, reserved 1064960K
  class space    used 1386K, committed 1472K, reserved 1048576K
}
Event: 27.367 GC heap after
{Heap after GC invocations=15 (full 0):
 garbage-first heap   total 21102592K, used 15108672K [0x0000024bf4000000, 0x0000025bf4000000)
  region size 32768K, 1 young (32768K), 1 survivors (32768K)
 Metaspace       used 15121K, committed 15296K, reserved 1064960K
  class space    used 1386K, committed 1472K, reserved 1048576K
}

