# JRE version: OpenJDK Runtime Environment (16.0.1+9) (build 16.0.1+9-24)
# Java VM: OpenJDK 64-Bit Server VM (16.0.1+9-24, mixed mode, tiered, compressed class ptrs, g1 gc, windows-amd64)
GC Precious Log:
 CPUs: 12 total, 12 available
 Memory: 8099M
 Large Page Support: Disabled
 NUMA Support: Disabled
 Compressed Oops: Disabled
 Heap Region Size: 32M
 Heap Min Capacity: 32M
 Heap Initial Capacity: 128M
 Heap Max Capacity: 128G
 Pre-touch: Disabled
 Parallel Workers: 10
 Concurrent Workers: 3
 Concurrent Refinement Workers: 10
 Periodic GC: Disabled
Heap:
 garbage-first heap   total 16941056K, used 12618261K [0x000002a718000000, 0x000002c718000000)
  region size 32768K, 1 young (32768K), 1 survivors (32768K)
 Metaspace       used 14880K, committed 15040K, reserved 1064960K
  class space    used 1383K, committed 1472K, reserved 1048576K
GC Heap History (16 events):
Event: 0.314 GC heap before
{Heap before GC invocations=0 (full 0):
 garbage-first heap   total 131072K, used 0K [0x000002a718000000, 0x000002c718000000)
  region size 32768K, 1 young (32768K), 0 survivors (0K)
 Metaspace       used 11162K, committed 11264K, reserved 1064960K
  class space    used 958K, committed 1024K, reserved 1048576K
}
Event: 0.317 GC heap after
{Heap after GC invocations=1 (full 0):
 garbage-first heap   total 131072K, used 1804K [0x000002a718000000, 0x000002c718000000)
  region size 32768K, 1 young (32768K), 1 survivors (32768K)
 Metaspace       used 11162K, committed 11264K, reserved 1064960K
  class space    used 958K, committed 1024K, reserved 1048576K
}
Event: 2.873 GC heap before
{Heap before GC invocations=1 (full 0):
 garbage-first heap   total 262144K, used 165644K [0x000002a718000000, 0x000002c718000000)
  region size 32768K, 2 young (65536K), 1 survivors (32768K)
 Metaspace       used 11418K, committed 11584K, reserved 1064960K
  class space    used 974K, committed 1024K, reserved 1048576K
}
Event: 2.875 GC heap after
{Heap after GC invocations=2 (full 0):
 garbage-first heap   total 262144K, used 165723K [0x000002a718000000, 0x000002c718000000)
  region size 32768K, 1 young (32768K), 1 survivors (32768K)
 Metaspace       used 11418K, committed 11584K, reserved 1064960K
  class space    used 974K, committed 1024K, reserved 1048576K
}
Event: 2.952 GC heap before
{Heap before GC invocations=3 (full 0):
 garbage-first heap   total 622592K, used 329563K [0x000002a718000000, 0x000002c718000000)
  region size 32768K, 2 young (65536K), 1 survivors (32768K)
 Metaspace       used 11418K, committed 11584K, reserved 1064960K
  class space    used 974K, committed 1024K, reserved 1048576K
}
Event: 2.954 GC heap after
{Heap after GC invocations=4 (full 0):
 garbage-first heap   total 622592K, used 329602K [0x000002a718000000, 0x000002c718000000)
  region size 32768K, 1 young (32768K), 1 survivors (32768K)
 Metaspace       used 11418K, committed 11584K, reserved 1064960K
  class space    used 974K, committed 1024K, reserved 1048576K
}
Event: 9.785 GC heap before
{Heap before GC invocations=5 (full 0):
 garbage-first heap   total 884736K, used 493442K [0x000002a718000000, 0x000002c718000000)
  region size 32768K, 2 young (65536K), 1 survivors (32768K)
 Metaspace       used 14862K, committed 15040K, reserved 1064960K
  class space    used 1383K, committed 1472K, reserved 1048576K
}
Event: 9.788 GC heap after
{Heap after GC invocations=6 (full 0):
 garbage-first heap   total 884736K, used 166450K [0x000002a718000000, 0x000002c718000000)
  region size 32768K, 1 young (32768K), 1 survivors (32768K)
 Metaspace       used 14862K, committed 15040K, reserved 1064960K
  class space    used 1383K, committed 1472K, reserved 1048576K
}
Event: 10.376 GC heap before
{Heap before GC invocations=6 (full 0):
 garbage-first heap   total 2097152K, used 1411634K [0x000002a718000000, 0x000002c718000000)
  region size 32768K, 2 young (65536K), 1 survivors (32768K)
 Metaspace       used 14867K, committed 15040K, reserved 1064960K
  class space    used 1383K, committed 1472K, reserved 1048576K
}
Event: 10.378 GC heap after
{Heap after GC invocations=7 (full 0):
 garbage-first heap   total 2097152K, used 1411685K [0x000002a718000000, 0x000002c718000000)
  region size 32768K, 1 young (32768K), 1 survivors (32768K)
 Metaspace       used 14867K, committed 15040K, reserved 1064960K
  class space    used 1383K, committed 1472K, reserved 1048576K
}
Event: 13.190 GC heap before
{Heap before GC invocations=8 (full 0):
 garbage-first heap   total 5832704K, used 5147237K [0x000002a718000000, 0x000002c718000000)
  region size 32768K, 2 young (65536K), 1 survivors (32768K)
 Metaspace       used 14868K, committed 15040K, reserved 1064960K
  class space    used 1383K, committed 1472K, reserved 1048576K
}
Event: 13.200 GC heap after
{Heap after GC invocations=9 (full 0):
 garbage-first heap   total 5832704K, used 5147150K [0x000002a718000000, 0x000002c718000000)
  region size 32768K, 1 young (32768K), 1 survivors (32768K)
 Metaspace       used 14868K, committed 15040K, reserved 1064960K
  class space    used 1383K, committed 1472K, reserved 1048576K
}
Event: 16.209 GC heap before
{Heap before GC invocations=10 (full 0):
 garbage-first heap   total 10715136K, used 8882702K [0x000002a718000000, 0x000002c718000000)
  region size 32768K, 1 young (32768K), 1 survivors (32768K)
 Metaspace       used 14868K, committed 15040K, reserved 1064960K
  class space    used 1383K, committed 1472K, reserved 1048576K
}
Event: 16.214 GC heap after
{Heap after GC invocations=11 (full 0):
 garbage-first heap   total 10715136K, used 8882694K [0x000002a718000000, 0x000002c718000000)
  region size 32768K, 1 young (32768K), 1 survivors (32768K)
 Metaspace       used 14868K, committed 15040K, reserved 1064960K
  class space    used 1383K, committed 1472K, reserved 1048576K
}
Event: 17.858 GC heap before
{Heap before GC invocations=12 (full 0):
 garbage-first heap   total 16941056K, used 11373062K [0x000002a718000000, 0x000002c718000000)
  region size 32768K, 2 young (65536K), 1 survivors (32768K)
 Metaspace       used 14880K, committed 15040K, reserved 1064960K
  class space    used 1383K, committed 1472K, reserved 1048576K
}
Event: 17.861 GC heap after
{Heap after GC invocations=13 (full 0):
 garbage-first heap   total 16941056K, used 11373077K [0x000002a718000000, 0x000002c718000000)
  region size 32768K, 1 young (32768K), 1 survivors (32768K)
 Metaspace       used 14880K, committed 15040K, reserved 1064960K
  class space    used 1383K, committed 1472K, reserved 1048576K
}

