# JRE version: OpenJDK Runtime Environment (16.0.1+9) (build 16.0.1+9-24)
# Java VM: OpenJDK 64-Bit Server VM (16.0.1+9-24, mixed mode, tiered, compressed class ptrs, g1 gc, windows-amd64)
GC Precious Log:
 CPUs: 12 total, 12 available
 Memory: 8099M
 Large Page Support: Disabled
 NUMA Support: Disabled
 Compressed Oops: Disabled
 Heap Region Size: 32M
 Heap Min Capacity: 32M
 Heap Initial Capacity: 128M
 Heap Max Capacity: 64G
 Pre-touch: Disabled
 Parallel Workers: 10
 Concurrent Workers: 3
 Concurrent Refinement Workers: 10
 Periodic GC: Disabled
Heap:
 garbage-first heap   total 19005440K, used 15108634K [0x000001b06a000000, 0x000001c06a000000)
  region size 32768K, 1 young (32768K), 1 survivors (32768K)
 Metaspace       used 15138K, committed 15296K, reserved 1064960K
  class space    used 1386K, committed 1472K, reserved 1048576K
GC Heap History (18 events):
Event: 0.208 GC heap before
{Heap before GC invocations=0 (full 0):
 garbage-first heap   total 131072K, used 0K [0x000001b06a000000, 0x000001c06a000000)
  region size 32768K, 1 young (32768K), 0 survivors (0K)
 Metaspace       used 11153K, committed 11264K, reserved 1064960K
  class space    used 957K, committed 1024K, reserved 1048576K
}
Event: 0.210 GC heap after
{Heap after GC invocations=1 (full 0):
 garbage-first heap   total 131072K, used 1800K [0x000001b06a000000, 0x000001c06a000000)
  region size 32768K, 1 young (32768K), 1 survivors (32768K)
 Metaspace       used 11153K, committed 11264K, reserved 1064960K
  class space    used 957K, committed 1024K, reserved 1048576K
}
Event: 2.578 GC heap before
{Heap before GC invocations=1 (full 0):
 garbage-first heap   total 262144K, used 165640K [0x000001b06a000000, 0x000001c06a000000)
  region size 32768K, 2 young (65536K), 1 survivors (32768K)
 Metaspace       used 11409K, committed 11584K, reserved 1064960K
  class space    used 972K, committed 1024K, reserved 1048576K
}
Event: 2.580 GC heap after
{Heap after GC invocations=2 (full 0):
 garbage-first heap   total 262144K, used 165738K [0x000001b06a000000, 0x000001c06a000000)
  region size 32768K, 1 young (32768K), 1 survivors (32768K)
 Metaspace       used 11409K, committed 11584K, reserved 1064960K
  class space    used 972K, committed 1024K, reserved 1048576K
}
Event: 2.637 GC heap before
{Heap before GC invocations=3 (full 0):
 garbage-first heap   total 622592K, used 329578K [0x000001b06a000000, 0x000001c06a000000)
  region size 32768K, 2 young (65536K), 1 survivors (32768K)
 Metaspace       used 11409K, committed 11584K, reserved 1064960K
  class space    used 972K, committed 1024K, reserved 1048576K
}
Event: 2.639 GC heap after
{Heap after GC invocations=4 (full 0):
 garbage-first heap   total 622592K, used 329646K [0x000001b06a000000, 0x000001c06a000000)
  region size 32768K, 1 young (32768K), 1 survivors (32768K)
 Metaspace       used 11409K, committed 11584K, reserved 1064960K
  class space    used 972K, committed 1024K, reserved 1048576K
}
Event: 42.499 GC heap before
{Heap before GC invocations=5 (full 0):
 garbage-first heap   total 884736K, used 493486K [0x000001b06a000000, 0x000001c06a000000)
  region size 32768K, 2 young (65536K), 1 survivors (32768K)
 Metaspace       used 15121K, committed 15296K, reserved 1064960K
  class space    used 1386K, committed 1472K, reserved 1048576K
}
Event: 42.501 GC heap after
{Heap after GC invocations=6 (full 0):
 garbage-first heap   total 884736K, used 166455K [0x000001b06a000000, 0x000001c06a000000)
  region size 32768K, 1 young (32768K), 1 survivors (32768K)
 Metaspace       used 15121K, committed 15296K, reserved 1064960K
  class space    used 1386K, committed 1472K, reserved 1048576K
}
Event: 43.005 GC heap before
{Heap before GC invocations=6 (full 0):
 garbage-first heap   total 2097152K, used 1411639K [0x000001b06a000000, 0x000001c06a000000)
  region size 32768K, 2 young (65536K), 1 survivors (32768K)
 Metaspace       used 15125K, committed 15296K, reserved 1064960K
  class space    used 1386K, committed 1472K, reserved 1048576K
}
Event: 43.007 GC heap after
{Heap after GC invocations=7 (full 0):
 garbage-first heap   total 2097152K, used 1411648K [0x000001b06a000000, 0x000001c06a000000)
  region size 32768K, 1 young (32768K), 1 survivors (32768K)
 Metaspace       used 15125K, committed 15296K, reserved 1064960K
  class space    used 1386K, committed 1472K, reserved 1048576K
}
Event: 45.179 GC heap before
{Heap before GC invocations=8 (full 0):
 garbage-first heap   total 5832704K, used 5147200K [0x000001b06a000000, 0x000001c06a000000)
  region size 32768K, 2 young (65536K), 1 survivors (32768K)
 Metaspace       used 15125K, committed 15296K, reserved 1064960K
  class space    used 1386K, committed 1472K, reserved 1048576K
}
Event: 45.187 GC heap after
{Heap after GC invocations=9 (full 0):
 garbage-first heap   total 5832704K, used 5147148K [0x000001b06a000000, 0x000001c06a000000)
  region size 32768K, 1 young (32768K), 1 survivors (32768K)
 Metaspace       used 15125K, committed 15296K, reserved 1064960K
  class space    used 1386K, committed 1472K, reserved 1048576K
}
Event: 47.022 GC heap before
{Heap before GC invocations=10 (full 0):
 garbage-first heap   total 10715136K, used 8882700K [0x000001b06a000000, 0x000001c06a000000)
  region size 32768K, 1 young (32768K), 1 survivors (32768K)
 Metaspace       used 15125K, committed 15296K, reserved 1064960K
  class space    used 1386K, committed 1472K, reserved 1048576K
}
Event: 47.038 GC heap after
{Heap after GC invocations=11 (full 0):
 garbage-first heap   total 10715136K, used 8882657K [0x000001b06a000000, 0x000001c06a000000)
  region size 32768K, 1 young (32768K), 1 survivors (32768K)
 Metaspace       used 15125K, committed 15296K, reserved 1064960K
  class space    used 1386K, committed 1472K, reserved 1048576K
}
Event: 47.952 GC heap before
{Heap before GC invocations=12 (full 0):
 garbage-first heap   total 16941056K, used 10127841K [0x000001b06a000000, 0x000001c06a000000)
  region size 32768K, 2 young (65536K), 1 survivors (32768K)
 Metaspace       used 15138K, committed 15296K, reserved 1064960K
  class space    used 1386K, committed 1472K, reserved 1048576K
}
Event: 47.958 GC heap after
{Heap after GC invocations=13 (full 0):
 garbage-first heap   total 16941056K, used 10128024K [0x000001b06a000000, 0x000001c06a000000)
  region size 32768K, 1 young (32768K), 1 survivors (32768K)
 Metaspace       used 15138K, committed 15296K, reserved 1064960K
  class space    used 1386K, committed 1472K, reserved 1048576K
}
Event: 49.980 GC heap before
{Heap before GC invocations=14 (full 0):
 garbage-first heap   total 19005440K, used 13863576K [0x000001b06a000000, 0x000001c06a000000)
  region size 32768K, 1 young (32768K), 1 survivors (32768K)
 Metaspace       used 15138K, committed 15296K, reserved 1064960K
  class space    used 1386K, committed 1472K, reserved 1048576K
}
Event: 49.983 GC heap after
{Heap after GC invocations=15 (full 0):
 garbage-first heap   total 19005440K, used 13863450K [0x000001b06a000000, 0x000001c06a000000)
  region size 32768K, 1 young (32768K), 1 survivors (32768K)
 Metaspace       used 15138K, committed 15296K, reserved 1064960K
  class space    used 1386K, committed 1472K, reserved 1048576K
}

