# JRE version: Java(TM) SE Runtime Environment (8.0_271-b09) (build 1.8.0_271-b09)
# Java VM: Java HotSpot(TM) 64-Bit Server VM (25.271-b09 mixed mode windows-amd64 )
Heap:
 PSYoungGen      total 680448K, used 592672K [0x0000026cbff00000, 0x0000026d0fa00000, 0x0000027215400000)
  eden space 145920K, 100% used [0x0000026cbff00000,0x0000026cc8d80000,0x0000026cc8d80000)
  from space 534528K, 83% used [0x0000026ceb500000,0x0000026d06948000,0x0000026d0bf00000)
  to   space 564736K, 10% used [0x0000026cc8d80000,0x0000026ccc958000,0x0000026ceb500000)
 ParOldGen       total 21304832K, used 19345515K [0x0000026215400000, 0x0000026729980000, 0x0000026cbff00000)
  object space 21304832K, 90% used [0x0000026215400000,0x00000266b201aff0,0x0000026729980000)
 Metaspace       used 16377K, capacity 16771K, committed 16896K, reserved 18432K
GC Heap History (10 events):
Event: 719.268 GC heap after
Heap after GC invocations=176 (full 13):
 PSYoungGen      total 678912K, used 399392K [0x0000026cbff00000, 0x0000026d0cf80000, 0x0000027215400000)
  eden space 138752K, 0% used [0x0000026cbff00000,0x0000026cbff00000,0x0000026cc8680000)
  from space 540160K, 73% used [0x0000026cc8680000,0x0000026ce0c88000,0x0000026ce9600000)
  to   space 551424K, 0% used [0x0000026ceb500000,0x0000026ceb500000,0x0000026d0cf80000)
 ParOldGen       total 19249664K, used 18952765K [0x0000026215400000, 0x00000266ac280000, 0x0000026cbff00000)
  object space 19249664K, 98% used [0x0000026215400000,0x000002669a08f770,0x00000266ac280000)
 Metaspace       used 16377K, capacity 16771K, committed 16896K, reserved 18432K
}
Event: 719.269 GC heap before
{Heap before GC invocations=177 (full 14):
 PSYoungGen      total 678912K, used 399392K [0x0000026cbff00000, 0x0000026d0cf80000, 0x0000027215400000)
  eden space 138752K, 0% used [0x0000026cbff00000,0x0000026cbff00000,0x0000026cc8680000)
  from space 540160K, 73% used [0x0000026cc8680000,0x0000026ce0c88000,0x0000026ce9600000)
  to   space 551424K, 0% used [0x0000026ceb500000,0x0000026ceb500000,0x0000026d0cf80000)
 ParOldGen       total 19249664K, used 18952765K [0x0000026215400000, 0x00000266ac280000, 0x0000026cbff00000)
  object space 19249664K, 98% used [0x0000026215400000,0x000002669a08f770,0x00000266ac280000)
 Metaspace       used 16377K, capacity 16771K, committed 16896K, reserved 18432K
Event: 938.551 GC heap after
Heap after GC invocations=177 (full 14):
 PSYoungGen      total 678912K, used 95581K [0x0000026cbff00000, 0x0000026d0cf80000, 0x0000027215400000)
  eden space 138752K, 0% used [0x0000026cbff00000,0x0000026cbff00000,0x0000026cc8680000)
  from space 540160K, 17% used [0x0000026cc8680000,0x0000026cce3d7630,0x0000026ce9600000)
  to   space 551424K, 0% used [0x0000026ceb500000,0x0000026ceb500000,0x0000026d0cf80000)
 ParOldGen       total 21304832K, used 19249523K [0x0000026215400000, 0x0000026729980000, 0x0000026cbff00000)
  object space 21304832K, 90% used [0x0000026215400000,0x00000266ac25cff0,0x0000026729980000)
 Metaspace       used 16377K, capacity 16771K, committed 16896K, reserved 18432K
}
Event: 940.876 GC heap before
{Heap before GC invocations=178 (full 14):
 PSYoungGen      total 678912K, used 234333K [0x0000026cbff00000, 0x0000026d0cf80000, 0x0000027215400000)
  eden space 138752K, 100% used [0x0000026cbff00000,0x0000026cc8680000,0x0000026cc8680000)
  from space 540160K, 17% used [0x0000026cc8680000,0x0000026cce3d7630,0x0000026ce9600000)
  to   space 551424K, 0% used [0x0000026ceb500000,0x0000026ceb500000,0x0000026d0cf80000)
 ParOldGen       total 21304832K, used 19249523K [0x0000026215400000, 0x0000026729980000, 0x0000026cbff00000)
  object space 21304832K, 90% used [0x0000026215400000,0x00000266ac25cff0,0x0000026729980000)
 Metaspace       used 16377K, capacity 16771K, committed 16896K, reserved 18432K
Event: 977.959 GC heap after
Heap after GC invocations=178 (full 14):
 PSYoungGen      total 706560K, used 159424K [0x0000026cbff00000, 0x0000026d0d080000, 0x0000027215400000)
  eden space 155136K, 0% used [0x0000026cbff00000,0x0000026cbff00000,0x0000026cc9680000)
  from space 551424K, 28% used [0x0000026ceb500000,0x0000026cf50b0000,0x0000026d0cf80000)
  to   space 553984K, 0% used [0x0000026cc9680000,0x0000026cc9680000,0x0000026ceb380000)
 ParOldGen       total 21304832K, used 19322163K [0x0000026215400000, 0x0000026729980000, 0x0000026cbff00000)
  object space 21304832K, 90% used [0x0000026215400000,0x00000266b094cff0,0x0000026729980000)
 Metaspace       used 16377K, capacity 16771K, committed 16896K, reserved 18432K
}
Event: 978.568 GC heap before
{Heap before GC invocations=179 (full 14):
 PSYoungGen      total 706560K, used 314560K [0x0000026cbff00000, 0x0000026d0d080000, 0x0000027215400000)
  eden space 155136K, 100% used [0x0000026cbff00000,0x0000026cc9680000,0x0000026cc9680000)
  from space 551424K, 28% used [0x0000026ceb500000,0x0000026cf50b0000,0x0000026d0cf80000)
  to   space 553984K, 0% used [0x0000026cc9680000,0x0000026cc9680000,0x0000026ceb380000)
 ParOldGen       total 21304832K, used 19322163K [0x0000026215400000, 0x0000026729980000, 0x0000026cbff00000)
  object space 21304832K, 90% used [0x0000026215400000,0x00000266b094cff0,0x0000026729980000)
 Metaspace       used 16377K, capacity 16771K, committed 16896K, reserved 18432K
Event: 989.381 GC heap after
Heap after GC invocations=179 (full 14):
 PSYoungGen      total 709120K, used 314752K [0x0000026cbff00000, 0x0000026d0bf00000, 0x0000027215400000)
  eden space 155136K, 0% used [0x0000026cbff00000,0x0000026cbff00000,0x0000026cc9680000)
  from space 553984K, 56% used [0x0000026cc9680000,0x0000026cdc9e0000,0x0000026ceb380000)
  to   space 534528K, 0% used [0x0000026ceb500000,0x0000026ceb500000,0x0000026d0bf00000)
 ParOldGen       total 21304832K, used 19322163K [0x0000026215400000, 0x0000026729980000, 0x0000026cbff00000)
  object space 21304832K, 90% used [0x0000026215400000,0x00000266b094cff0,0x0000026729980000)
 Metaspace       used 16377K, capacity 16771K, committed 16896K, reserved 18432K
}
Event: 989.949 GC heap before
{Heap before GC invocations=180 (full 14):
 PSYoungGen      total 709120K, used 469888K [0x0000026cbff00000, 0x0000026d0bf00000, 0x0000027215400000)
  eden space 155136K, 100% used [0x0000026cbff00000,0x0000026cc9680000,0x0000026cc9680000)
  from space 553984K, 56% used [0x0000026cc9680000,0x0000026cdc9e0000,0x0000026ceb380000)
  to   space 534528K, 0% used [0x0000026ceb500000,0x0000026ceb500000,0x0000026d0bf00000)
 ParOldGen       total 21304832K, used 19322163K [0x0000026215400000, 0x0000026729980000, 0x0000026cbff00000)
  object space 21304832K, 90% used [0x0000026215400000,0x00000266b094cff0,0x0000026729980000)
 Metaspace       used 16377K, capacity 16771K, committed 16896K, reserved 18432K
Event: 991.172 GC heap after
Heap after GC invocations=180 (full 14):
 PSYoungGen      total 680448K, used 446752K [0x0000026cbff00000, 0x0000026d0fa00000, 0x0000027215400000)
  eden space 145920K, 0% used [0x0000026cbff00000,0x0000026cbff00000,0x0000026cc8d80000)
  from space 534528K, 83% used [0x0000026ceb500000,0x0000026d06948000,0x0000026d0bf00000)
  to   space 564736K, 0% used [0x0000026cc8d80000,0x0000026cc8d80000,0x0000026ceb500000)
 ParOldGen       total 21304832K, used 19345515K [0x0000026215400000, 0x0000026729980000, 0x0000026cbff00000)
  object space 21304832K, 90% used [0x0000026215400000,0x00000266b201aff0,0x0000026729980000)
 Metaspace       used 16377K, capacity 16771K, committed 16896K, reserved 18432K
}
Event: 991.701 GC heap before
{Heap before GC invocations=181 (full 14):
 PSYoungGen      total 680448K, used 592672K [0x0000026cbff00000, 0x0000026d0fa00000, 0x0000027215400000)
  eden space 145920K, 100% used [0x0000026cbff00000,0x0000026cc8d80000,0x0000026cc8d80000)
  from space 534528K, 83% used [0x0000026ceb500000,0x0000026d06948000,0x0000026d0bf00000)
  to   space 564736K, 0% used [0x0000026cc8d80000,0x0000026cc8d80000,0x0000026ceb500000)
 ParOldGen       total 21304832K, used 19345515K [0x0000026215400000, 0x0000026729980000, 0x0000026cbff00000)
  object space 21304832K, 90% used [0x0000026215400000,0x00000266b201aff0,0x0000026729980000)
 Metaspace       used 16377K, capacity 16771K, committed 16896K, reserved 18432K

